{"meta": {"format": 3, "version": "7.10.7", "timestamp": "2025-11-15T20:00:37.774499", "branch_coverage": false, "show_contexts": false}, "files": {"src/mcp_web/__init__.py": {"executed_lines": [1, 6, 8, 9, 11], "summary": {"covered_lines": 4, "num_statements": 4, "percent_covered": 100.0, "percent_covered_display": "100", "missing_lines": 0, "excluded_lines": 0}, "missing_lines": [], "excluded_lines": [], "functions": {"": {"executed_lines": [1, 6, 8, 9, 11], "summary": {"covered_lines": 4, "num_statements": 4, "percent_covered": 100.0, "percent_covered_display": "100", "missing_lines": 0, "excluded_lines": 0}, "missing_lines": [], "excluded_lines": []}}, "classes": {"": {"executed_lines": [1, 6, 8, 9, 11], "summary": {"covered_lines": 4, "num_statements": 4, "percent_covered": 100.0, "percent_covered_display": "100", "missing_lines": 0, "excluded_lines": 0}, "missing_lines": [], "excluded_lines": []}}}, "src/mcp_web/auth.py": {"executed_lines": [1, 14, 15, 16, 17, 18, 20, 22, 25, 26, 27, 29, 30, 31, 32, 33, 36, 37, 53, 59, 60, 61, 64, 66, 67, 72, 75, 76, 77, 84, 87, 88, 89, 90, 91, 92, 99, 101, 115, 117, 118, 120, 136, 137, 144, 145, 147, 160, 161, 163, 180, 182, 185, 186, 188, 191, 192, 193, 198, 201, 202, 207, 210, 212, 214, 224, 225, 228, 229, 231, 234, 238, 239, 242, 243, 245, 254, 255, 262, 263, 265, 266, 272, 275, 278, 279, 280, 282, 288, 301, 302, 303, 305, 306, 307, 309, 320], "summary": {"covered_lines": 94, "num_statements": 97, "percent_covered": 96.90721649484536, "percent_covered_display": "97", "missing_lines": 3, "excluded_lines": 0}, "missing_lines": [235, 256, 276], "excluded_lines": [], "functions": {"APIKeyAuthenticator.__init__": {"executed_lines": [59, 60, 61, 64, 66, 67], "summary": {"covered_lines": 6, "num_statements": 6, "percent_covered": 100.0, "percent_covered_display": "100", "missing_lines": 0, "excluded_lines": 0}, "missing_lines": [], "excluded_lines": []}, "APIKeyAuthenticator._load_keys_from_env": {"executed_lines": [75, 76, 77, 84, 87, 88, 89, 90, 91, 92, 99], "summary": {"covered_lines": 11, "num_statements": 11, "percent_covered": 100.0, "percent_covered_display": "100", "missing_lines": 0, "excluded_lines": 0}, "missing_lines": [], "excluded_lines": []}, "APIKeyAuthenticator.generate_key": {"executed_lines": [115, 117, 118], "summary": {"covered_lines": 3, "num_statements": 3, "percent_covered": 100.0, "percent_covered_display": "100", "missing_lines": 0, "excluded_lines": 0}, "missing_lines": [], "excluded_lines": []}, "APIKeyAuthenticator.add_key": {"executed_lines": [136, 137, 144, 145], "summary": {"covered_lines": 4, "num_statements": 4, "percent_covered": 100.0, "percent_covered_display": "100", "missing_lines": 0, "excluded_lines": 0}, "missing_lines": [], "excluded_lines": []}, "APIKeyAuthenticator.validate_key": {"executed_lines": [160, 161], "summary": {"covered_lines": 2, "num_statements": 2, "percent_covered": 100.0, "percent_covered_display": "100", "missing_lines": 0, "excluded_lines": 0}, "missing_lines": [], "excluded_lines": []}, "APIKeyAuthenticator.authenticate": {"executed_lines": [180, 182, 185, 186, 188, 191, 192, 193, 198, 201, 202, 207, 210, 212], "summary": {"covered_lines": 14, "num_statements": 14, "percent_covered": 100.0, "percent_covered_display": "100", "missing_lines": 0, "excluded_lines": 0}, "missing_lines": [], "excluded_lines": []}, "APIKeyAuthenticator._check_rate_limit": {"executed_lines": [224, 225, 228, 229, 231, 234, 238, 239, 242, 243], "summary": {"covered_lines": 10, "num_statements": 11, "percent_covered": 90.9090909090909, "percent_covered_display": "91", "missing_lines": 1, "excluded_lines": 0}, "missing_lines": [235], "excluded_lines": []}, "APIKeyAuthenticator.get_rate_limit_stats": {"executed_lines": [254, 255, 262, 263, 265, 266, 272, 275, 278, 279, 280, 282], "summary": {"covered_lines": 12, "num_statements": 14, "percent_covered": 85.71428571428571, "percent_covered_display": "86", "missing_lines": 2, "excluded_lines": 0}, "missing_lines": [256, 276], "excluded_lines": []}, "APIKeyAuthenticator.revoke_key": {"executed_lines": [301, 302, 303, 305, 306, 307], "summary": {"covered_lines": 6, "num_statements": 6, "percent_covered": 100.0, "percent_covered_display": "100", "missing_lines": 0, "excluded_lines": 0}, "missing_lines": [], "excluded_lines": []}, "APIKeyAuthenticator.list_keys": {"executed_lines": [320], "summary": {"covered_lines": 1, "num_statements": 1, "percent_covered": 100.0, "percent_covered_display": "100", "missing_lines": 0, "excluded_lines": 0}, "missing_lines": [], "excluded_lines": []}, "": {"executed_lines": [1, 14, 15, 16, 17, 18, 20, 22, 25, 26, 27, 29, 30, 31, 32, 33, 36, 37, 53, 72, 101, 120, 147, 163, 214, 245, 288, 309], "summary": {"covered_lines": 25, "num_statements": 25, "percent_covered": 100.0, "percent_covered_display": "100", "missing_lines": 0, "excluded_lines": 0}, "missing_lines": [], "excluded_lines": []}}, "classes": {"APIKey": {"executed_lines": [], "summary": {"covered_lines": 0, "num_statements": 0, "percent_covered": 100.0, "percent_covered_display": "100", "missing_lines": 0, "excluded_lines": 0}, "missing_lines": [], "excluded_lines": []}, "APIKeyAuthenticator": {"executed_lines": [59, 60, 61, 64, 66, 67, 75, 76, 77, 84, 87, 88, 89, 90, 91, 92, 99, 115, 117, 118, 136, 137, 144, 145, 160, 161, 180, 182, 185, 186, 188, 191, 192, 193, 198, 201, 202, 207, 210, 212, 224, 225, 228, 229, 231, 234, 238, 239, 242, 243, 254, 255, 262, 263, 265, 266, 272, 275, 278, 279, 280, 282, 301, 302, 303, 305, 306, 307, 320], "summary": {"covered_lines": 69, "num_statements": 72, "percent_covered": 95.83333333333333, "percent_covered_display": "96", "missing_lines": 3, "excluded_lines": 0}, "missing_lines": [235, 256, 276], "excluded_lines": []}, "": {"executed_lines": [1, 14, 15, 16, 17, 18, 20, 22, 25, 26, 27, 29, 30, 31, 32, 33, 36, 37, 53, 72, 101, 120, 147, 163, 214, 245, 288, 309], "summary": {"covered_lines": 25, "num_statements": 25, "percent_covered": 100.0, "percent_covered_display": "100", "missing_lines": 0, "excluded_lines": 0}, "missing_lines": [], "excluded_lines": []}}}, "src/mcp_web/browser_pool.py": {"executed_lines": [1, 18, 20, 21, 22, 23, 24, 26, 27, 29, 32, 35, 36, 37, 40, 41, 42, 54, 55, 56, 57, 58, 59, 60, 63, 64, 65, 76, 77, 78, 79, 80, 81, 82, 84, 93, 94, 95, 96, 98, 103, 104, 108, 109, 113, 136, 137, 138, 150, 151, 152, 153, 154, 155, 156, 159, 160, 180, 186, 187, 188, 189, 190, 191, 192, 194, 208, 213, 214, 220, 221, 241, 242, 244, 245, 248, 253, 255, 256, 258, 274, 278, 280, 289, 290, 292, 294, 307, 308, 309, 318, 331, 332, 345, 354, 357, 359, 360, 382, 389, 409, 436, 442, 444, 447, 449, 450, 458, 459, 460, 461, 462, 464, 465, 467, 469], "summary": {"covered_lines": 111, "num_statements": 202, "percent_covered": 54.95049504950495, "percent_covered_display": "55", "missing_lines": 91, "excluded_lines": 0}, "missing_lines": [105, 106, 110, 111, 122, 123, 124, 125, 126, 127, 129, 130, 131, 132, 133, 197, 198, 199, 201, 249, 250, 261, 262, 263, 265, 266, 268, 269, 271, 275, 276, 295, 296, 298, 299, 300, 301, 303, 304, 305, 311, 312, 313, 314, 315, 316, 319, 320, 321, 322, 324, 325, 326, 327, 329, 333, 334, 336, 337, 338, 340, 343, 355, 365, 370, 372, 374, 380, 383, 387, 397, 398, 400, 401, 407, 415, 416, 418, 419, 422, 425, 426, 427, 429, 430, 432, 433, 454, 455, 475, 478], "excluded_lines": [], "functions": {"_get_logger": {"executed_lines": [35, 36, 37], "summary": {"covered_lines": 3, "num_statements": 3, "percent_covered": 100.0, "percent_covered_display": "100", "missing_lines": 0, "excluded_lines": 0}, "missing_lines": [], "excluded_lines": []}, "BrowserInstance.new_page": {"executed_lines": [93, 94, 95, 96], "summary": {"covered_lines": 4, "num_statements": 4, "percent_covered": 100.0, "percent_covered_display": "100", "missing_lines": 0, "excluded_lines": 0}, "missing_lines": [], "excluded_lines": []}, "BrowserInstance.close": {"executed_lines": [103, 104, 108, 109], "summary": {"covered_lines": 4, "num_statements": 8, "percent_covered": 50.0, "percent_covered_display": "50", "missing_lines": 4, "excluded_lines": 0}, "missing_lines": [105, 106, 110, 111], "excluded_lines": []}, "BrowserInstance.health_check": {"executed_lines": [], "summary": {"covered_lines": 0, "num_statements": 11, "percent_covered": 0.0, "percent_covered_display": "0", "missing_lines": 11, "excluded_lines": 0}, "missing_lines": [122, 123, 124, 125, 126, 127, 129, 130, 131, 132, 133], "excluded_lines": []}, "BrowserPool.__init__": {"executed_lines": [186, 187, 188, 189, 190, 191, 192], "summary": {"covered_lines": 7, "num_statements": 7, "percent_covered": 100.0, "percent_covered_display": "100", "missing_lines": 0, "excluded_lines": 0}, "missing_lines": [], "excluded_lines": []}, "BrowserPool._needs_replacement": {"executed_lines": [], "summary": {"covered_lines": 0, "num_statements": 4, "percent_covered": 0.0, "percent_covered_display": "0", "missing_lines": 4, "excluded_lines": 0}, "missing_lines": [197, 198, 199, 201], "excluded_lines": []}, "BrowserPool.initialize": {"executed_lines": [213, 214], "summary": {"covered_lines": 2, "num_statements": 2, "percent_covered": 100.0, "percent_covered_display": "100", "missing_lines": 0, "excluded_lines": 0}, "missing_lines": [], "excluded_lines": []}, "BrowserPool.acquire": {"executed_lines": [241, 242, 244, 245, 248, 253, 255, 256, 258, 274, 278], "summary": {"covered_lines": 11, "num_statements": 23, "percent_covered": 47.82608695652174, "percent_covered_display": "48", "missing_lines": 12, "excluded_lines": 0}, "missing_lines": [249, 250, 261, 262, 263, 265, 266, 268, 269, 271, 275, 276], "excluded_lines": []}, "BrowserPool._get_or_create_browser": {"executed_lines": [289, 290, 292, 294, 307, 308, 309, 318, 331, 332], "summary": {"covered_lines": 10, "num_statements": 41, "percent_covered": 24.390243902439025, "percent_covered_display": "24", "missing_lines": 31, "excluded_lines": 0}, "missing_lines": [295, 296, 298, 299, 300, 301, 303, 304, 305, 311, 312, 313, 314, 315, 316, 319, 320, 321, 322, 324, 325, 326, 327, 329, 333, 334, 336, 337, 338, 340, 343], "excluded_lines": []}, "BrowserPool._create_browser": {"executed_lines": [354, 357, 359, 360, 382], "summary": {"covered_lines": 5, "num_statements": 13, "percent_covered": 38.46153846153846, "percent_covered_display": "38", "missing_lines": 8, "excluded_lines": 0}, "missing_lines": [355, 365, 370, 372, 374, 380, 383, 387], "excluded_lines": []}, "BrowserPool._release_browser": {"executed_lines": [], "summary": {"covered_lines": 0, "num_statements": 5, "percent_covered": 0.0, "percent_covered_display": "0", "missing_lines": 5, "excluded_lines": 0}, "missing_lines": [397, 398, 400, 401, 407], "excluded_lines": []}, "BrowserPool._replace_browser": {"executed_lines": [], "summary": {"covered_lines": 0, "num_statements": 12, "percent_covered": 0.0, "percent_covered_display": "0", "missing_lines": 12, "excluded_lines": 0}, "missing_lines": [415, 416, 418, 419, 422, 425, 426, 427, 429, 430, 432, 433], "excluded_lines": []}, "BrowserPool.shutdown": {"executed_lines": [442, 444, 447, 449, 450, 458, 459, 460, 461, 462, 464, 465, 467], "summary": {"covered_lines": 13, "num_statements": 15, "percent_covered": 86.66666666666667, "percent_covered_display": "87", "missing_lines": 2, "excluded_lines": 0}, "missing_lines": [454, 455], "excluded_lines": []}, "BrowserPool.get_metrics": {"executed_lines": [], "summary": {"covered_lines": 0, "num_statements": 2, "percent_covered": 0.0, "percent_covered_display": "0", "missing_lines": 2, "excluded_lines": 0}, "missing_lines": [475, 478], "excluded_lines": []}, "": {"executed_lines": [1, 18, 20, 21, 22, 23, 24, 26, 27, 29, 32, 40, 41, 42, 54, 55, 56, 57, 58, 59, 60, 63, 64, 65, 76, 77, 78, 79, 80, 81, 82, 84, 98, 113, 136, 137, 138, 150, 151, 152, 153, 154, 155, 156, 159, 160, 180, 194, 208, 220, 221, 280, 345, 389, 409, 436, 469], "summary": {"covered_lines": 52, "num_statements": 52, "percent_covered": 100.0, "percent_covered_display": "100", "missing_lines": 0, "excluded_lines": 0}, "missing_lines": [], "excluded_lines": []}}, "classes": {"BrowserPoolSettings": {"executed_lines": [], "summary": {"covered_lines": 0, "num_statements": 0, "percent_covered": 100.0, "percent_covered_display": "100", "missing_lines": 0, "excluded_lines": 0}, "missing_lines": [], "excluded_lines": []}, "BrowserInstance": {"executed_lines": [93, 94, 95, 96, 103, 104, 108, 109], "summary": {"covered_lines": 8, "num_statements": 23, "percent_covered": 34.78260869565217, "percent_covered_display": "35", "missing_lines": 15, "excluded_lines": 0}, "missing_lines": [105, 106, 110, 111, 122, 123, 124, 125, 126, 127, 129, 130, 131, 132, 133], "excluded_lines": []}, "BrowserPoolMetrics": {"executed_lines": [], "summary": {"covered_lines": 0, "num_statements": 0, "percent_covered": 100.0, "percent_covered_display": "100", "missing_lines": 0, "excluded_lines": 0}, "missing_lines": [], "excluded_lines": []}, "BrowserPool": {"executed_lines": [186, 187, 188, 189, 190, 191, 192, 213, 214, 241, 242, 244, 245, 248, 253, 255, 256, 258, 274, 278, 289, 290, 292, 294, 307, 308, 309, 318, 331, 332, 354, 357, 359, 360, 382, 442, 444, 447, 449, 450, 458, 459, 460, 461, 462, 464, 465, 467], "summary": {"covered_lines": 48, "num_statements": 124, "percent_covered": 38.70967741935484, "percent_covered_display": "39", "missing_lines": 76, "excluded_lines": 0}, "missing_lines": [197, 198, 199, 201, 249, 250, 261, 262, 263, 265, 266, 268, 269, 271, 275, 276, 295, 296, 298, 299, 300, 301, 303, 304, 305, 311, 312, 313, 314, 315, 316, 319, 320, 321, 322, 324, 325, 326, 327, 329, 333, 334, 336, 337, 338, 340, 343, 355, 365, 370, 372, 374, 380, 383, 387, 397, 398, 400, 401, 407, 415, 416, 418, 419, 422, 425, 426, 427, 429, 430, 432, 433, 454, 455, 475, 478], "excluded_lines": []}, "": {"executed_lines": [1, 18, 20, 21, 22, 23, 24, 26, 27, 29, 32, 35, 36, 37, 40, 41, 42, 54, 55, 56, 57, 58, 59, 60, 63, 64, 65, 76, 77, 78, 79, 80, 81, 82, 84, 98, 113, 136, 137, 138, 150, 151, 152, 153, 154, 155, 156, 159, 160, 180, 194, 208, 220, 221, 280, 345, 389, 409, 436, 469], "summary": {"covered_lines": 55, "num_statements": 55, "percent_covered": 100.0, "percent_covered_display": "100", "missing_lines": 0, "excluded_lines": 0}, "missing_lines": [], "excluded_lines": []}}}, "src/mcp_web/cache.py": {"executed_lines": [1, 13, 14, 15, 16, 17, 18, 19, 21, 22, 24, 26, 29, 32, 33, 34, 37, 38, 39, 41, 42, 43, 44, 45, 48, 49, 58, 73, 74, 76, 77, 80, 84, 87, 93, 95, 101, 110, 112, 113, 114, 118, 121, 126, 127, 128, 134, 154, 155, 157, 158, 166, 167, 169, 170, 172, 173, 179, 200, 226, 234, 258, 267, 269, 280, 282, 283, 285, 296, 298, 299, 301, 310, 312, 313, 314, 317, 319, 328, 329, 332, 333, 336, 338, 347, 348, 351, 352, 360, 361, 377, 378, 388, 389, 392, 394, 395, 414, 415, 416, 417, 418, 419], "summary": {"covered_lines": 99, "num_statements": 157, "percent_covered": 63.05732484076433, "percent_covered_display": "63", "missing_lines": 58, "excluded_lines": 0}, "missing_lines": [115, 116, 122, 123, 124, 130, 131, 132, 175, 176, 177, 188, 190, 191, 192, 193, 194, 195, 196, 197, 198, 206, 208, 210, 211, 212, 213, 214, 215, 216, 217, 219, 220, 222, 223, 224, 228, 229, 230, 231, 232, 240, 241, 242, 249, 251, 256, 311, 315, 331, 334, 371, 372, 373, 374, 375, 390, 391], "excluded_lines": [], "functions": {"_get_logger": {"executed_lines": [32, 33, 34], "summary": {"covered_lines": 3, "num_statements": 3, "percent_covered": 100.0, "percent_covered_display": "100", "missing_lines": 0, "excluded_lines": 0}, "missing_lines": [], "excluded_lines": []}, "CacheManager.__init__": {"executed_lines": [73, 74, 76, 77, 80, 84, 87, 93, 95], "summary": {"covered_lines": 9, "num_statements": 9, "percent_covered": 100.0, "percent_covered_display": "100", "missing_lines": 0, "excluded_lines": 0}, "missing_lines": [], "excluded_lines": []}, "CacheManager.get": {"executed_lines": [110, 112, 113, 114, 118, 121, 126, 127, 128], "summary": {"covered_lines": 9, "num_statements": 17, "percent_covered": 52.94117647058823, "percent_covered_display": "53", "missing_lines": 8, "excluded_lines": 0}, "missing_lines": [115, 116, 122, 123, 124, 130, 131, 132], "excluded_lines": []}, "CacheManager.set": {"executed_lines": [154, 155, 157, 158, 166, 167, 169, 170, 172, 173], "summary": {"covered_lines": 10, "num_statements": 13, "percent_covered": 76.92307692307692, "percent_covered_display": "77", "missing_lines": 3, "excluded_lines": 0}, "missing_lines": [175, 176, 177], "excluded_lines": []}, "CacheManager.delete": {"executed_lines": [], "summary": {"covered_lines": 0, "num_statements": 10, "percent_covered": 0.0, "percent_covered_display": "0", "missing_lines": 10, "excluded_lines": 0}, "missing_lines": [188, 190, 191, 192, 193, 194, 195, 196, 197, 198], "excluded_lines": []}, "CacheManager.prune": {"executed_lines": [], "summary": {"covered_lines": 0, "num_statements": 15, "percent_covered": 0.0, "percent_covered_display": "0", "missing_lines": 15, "excluded_lines": 0}, "missing_lines": [206, 208, 210, 211, 212, 213, 214, 215, 216, 217, 219, 220, 222, 223, 224], "excluded_lines": []}, "CacheManager.clear": {"executed_lines": [], "summary": {"covered_lines": 0, "num_statements": 5, "percent_covered": 0.0, "percent_covered_display": "0", "missing_lines": 5, "excluded_lines": 0}, "missing_lines": [228, 229, 230, 231, 232], "excluded_lines": []}, "CacheManager.get_stats": {"executed_lines": [], "summary": {"covered_lines": 0, "num_statements": 6, "percent_covered": 0.0, "percent_covered_display": "0", "missing_lines": 6, "excluded_lines": 0}, "missing_lines": [240, 241, 242, 249, 251, 256], "excluded_lines": []}, "CacheManager._hash_key": {"executed_lines": [267], "summary": {"covered_lines": 1, "num_statements": 1, "percent_covered": 100.0, "percent_covered_display": "100", "missing_lines": 0, "excluded_lines": 0}, "missing_lines": [], "excluded_lines": []}, "CacheManager._serialize_entry": {"executed_lines": [280, 282, 283], "summary": {"covered_lines": 3, "num_statements": 3, "percent_covered": 100.0, "percent_covered_display": "100", "missing_lines": 0, "excluded_lines": 0}, "missing_lines": [], "excluded_lines": []}, "CacheManager._deserialize_entry": {"executed_lines": [296, 298, 299], "summary": {"covered_lines": 3, "num_statements": 3, "percent_covered": 100.0, "percent_covered_display": "100", "missing_lines": 0, "excluded_lines": 0}, "missing_lines": [], "excluded_lines": []}, "CacheManager._encode_bytes": {"executed_lines": [310, 312, 313, 314, 317], "summary": {"covered_lines": 5, "num_statements": 7, "percent_covered": 71.42857142857143, "percent_covered_display": "71", "missing_lines": 2, "excluded_lines": 0}, "missing_lines": [311, 315], "excluded_lines": []}, "CacheManager._decode_bytes": {"executed_lines": [328, 329, 332, 333, 336], "summary": {"covered_lines": 5, "num_statements": 7, "percent_covered": 71.42857142857143, "percent_covered_display": "71", "missing_lines": 2, "excluded_lines": 0}, "missing_lines": [331, 334], "excluded_lines": []}, "CacheManager._is_expired": {"executed_lines": [347, 348], "summary": {"covered_lines": 2, "num_statements": 2, "percent_covered": 100.0, "percent_covered_display": "100", "missing_lines": 0, "excluded_lines": 0}, "missing_lines": [], "excluded_lines": []}, "CacheKeyBuilder.fetch_key": {"executed_lines": [], "summary": {"covered_lines": 0, "num_statements": 5, "percent_covered": 0.0, "percent_covered_display": "0", "missing_lines": 5, "excluded_lines": 0}, "missing_lines": [371, 372, 373, 374, 375], "excluded_lines": []}, "CacheKeyBuilder.extract_key": {"executed_lines": [388, 389, 392], "summary": {"covered_lines": 3, "num_statements": 5, "percent_covered": 60.0, "percent_covered_display": "60", "missing_lines": 2, "excluded_lines": 0}, "missing_lines": [390, 391], "excluded_lines": []}, "CacheKeyBuilder.summary_key": {"executed_lines": [414, 415, 416, 417, 418, 419], "summary": {"covered_lines": 6, "num_statements": 6, "percent_covered": 100.0, "percent_covered_display": "100", "missing_lines": 0, "excluded_lines": 0}, "missing_lines": [], "excluded_lines": []}, "": {"executed_lines": [1, 13, 14, 15, 16, 17, 18, 19, 21, 22, 24, 26, 29, 37, 38, 39, 41, 42, 43, 44, 45, 48, 49, 58, 101, 134, 179, 200, 226, 234, 258, 269, 285, 301, 319, 338, 351, 352, 360, 361, 377, 378, 394, 395], "summary": {"covered_lines": 40, "num_statements": 40, "percent_covered": 100.0, "percent_covered_display": "100", "missing_lines": 0, "excluded_lines": 0}, "missing_lines": [], "excluded_lines": []}}, "classes": {"CacheEntry": {"executed_lines": [], "summary": {"covered_lines": 0, "num_statements": 0, "percent_covered": 100.0, "percent_covered_display": "100", "missing_lines": 0, "excluded_lines": 0}, "missing_lines": [], "excluded_lines": []}, "CacheManager": {"executed_lines": [73, 74, 76, 77, 80, 84, 87, 93, 95, 110, 112, 113, 114, 118, 121, 126, 127, 128, 154, 155, 157, 158, 166, 167, 169, 170, 172, 173, 267, 280, 282, 283, 296, 298, 299, 310, 312, 313, 314, 317, 328, 329, 332, 333, 336, 347, 348], "summary": {"covered_lines": 47, "num_statements": 98, "percent_covered": 47.95918367346939, "percent_covered_display": "48", "missing_lines": 51, "excluded_lines": 0}, "missing_lines": [115, 116, 122, 123, 124, 130, 131, 132, 175, 176, 177, 188, 190, 191, 192, 193, 194, 195, 196, 197, 198, 206, 208, 210, 211, 212, 213, 214, 215, 216, 217, 219, 220, 222, 223, 224, 228, 229, 230, 231, 232, 240, 241, 242, 249, 251, 256, 311, 315, 331, 334], "excluded_lines": []}, "CacheKeyBuilder": {"executed_lines": [388, 389, 392, 414, 415, 416, 417, 418, 419], "summary": {"covered_lines": 9, "num_statements": 16, "percent_covered": 56.25, "percent_covered_display": "56", "missing_lines": 7, "excluded_lines": 0}, "missing_lines": [371, 372, 373, 374, 375, 390, 391], "excluded_lines": []}, "": {"executed_lines": [1, 13, 14, 15, 16, 17, 18, 19, 21, 22, 24, 26, 29, 32, 33, 34, 37, 38, 39, 41, 42, 43, 44, 45, 48, 49, 58, 101, 134, 179, 200, 226, 234, 258, 269, 285, 301, 319, 338, 351, 352, 360, 361, 377, 378, 394, 395], "summary": {"covered_lines": 43, "num_statements": 43, "percent_covered": 100.0, "percent_covered_display": "100", "missing_lines": 0, "excluded_lines": 0}, "missing_lines": [], "excluded_lines": []}}}, "src/mcp_web/chunker.py": {"executed_lines": [1, 13, 14, 15, 17, 19, 20, 21, 27, 30, 33, 34, 35, 38, 39, 40, 42, 43, 44, 45, 46, 48, 50, 59, 60, 69, 75, 76, 77, 79, 89, 91, 93, 99, 101, 108, 109, 110, 111, 113, 116, 118, 121, 122, 132, 139, 141, 153, 154, 157, 159, 160, 163, 165, 167, 169, 180, 183, 186, 188, 190, 211, 212, 216, 219, 221, 223, 224, 225, 227, 228, 231, 232, 234, 235, 238, 240, 241, 243, 244, 245, 247, 248, 250, 253, 254, 257, 258, 259, 262, 263, 264, 265, 266, 268, 277, 280, 282, 284, 309, 310, 314, 315, 316, 318, 319, 320, 321, 324, 330, 332, 335, 346, 347, 348, 349, 352, 355, 357, 367, 368, 370, 371, 372, 374, 375, 376, 378, 379, 382, 383, 385, 388, 389, 391, 393, 406, 407, 408, 409, 412, 414, 427, 488, 497, 498, 500, 501, 503, 505, 522, 523, 525, 527, 528, 529, 530, 533, 534, 546, 552, 562, 565, 566, 567, 568, 570, 572, 582, 583, 585, 587, 588, 590, 593, 594, 599, 600, 601, 603, 613, 615, 617, 627, 628, 630, 631, 633, 634, 635, 637, 638, 639, 641, 643, 653, 654, 657, 658, 660, 664], "summary": {"covered_lines": 198, "num_statements": 233, "percent_covered": 84.97854077253218, "percent_covered_display": "85", "missing_lines": 35, "excluded_lines": 0}, "missing_lines": [236, 260, 326, 327, 328, 333, 353, 424, 425, 440, 441, 442, 444, 445, 446, 447, 449, 451, 452, 454, 455, 456, 458, 459, 460, 469, 471, 472, 474, 475, 476, 486, 535, 661, 662], "excluded_lines": [], "functions": {"_get_logger": {"executed_lines": [33, 34, 35], "summary": {"covered_lines": 3, "num_statements": 3, "percent_covered": 100.0, "percent_covered_display": "100", "missing_lines": 0, "excluded_lines": 0}, "missing_lines": [], "excluded_lines": []}, "Chunk.to_dict": {"executed_lines": [50], "summary": {"covered_lines": 1, "num_statements": 1, "percent_covered": 100.0, "percent_covered_display": "100", "missing_lines": 0, "excluded_lines": 0}, "missing_lines": [], "excluded_lines": []}, "TextChunker.__init__": {"executed_lines": [75, 76, 77], "summary": {"covered_lines": 3, "num_statements": 3, "percent_covered": 100.0, "percent_covered_display": "100", "missing_lines": 0, "excluded_lines": 0}, "missing_lines": [], "excluded_lines": []}, "TextChunker.chunk_text": {"executed_lines": [89, 91, 93, 99, 101, 108, 109, 110, 111, 113, 116, 118, 121, 122, 132, 139], "summary": {"covered_lines": 16, "num_statements": 16, "percent_covered": 100.0, "percent_covered_display": "100", "missing_lines": 0, "excluded_lines": 0}, "missing_lines": [], "excluded_lines": []}, "TextChunker._chunk_hierarchical": {"executed_lines": [153, 154, 157, 159, 160, 163, 165, 167, 169, 180, 183, 186, 188], "summary": {"covered_lines": 13, "num_statements": 13, "percent_covered": 100.0, "percent_covered_display": "100", "missing_lines": 0, "excluded_lines": 0}, "missing_lines": [], "excluded_lines": []}, "TextChunker._chunk_semantic": {"executed_lines": [211, 212, 216, 219, 221, 223, 224, 225, 227, 228, 231, 232, 234, 235, 238, 240, 241, 243, 244, 245, 247, 248, 250, 253, 254, 257, 258, 259, 262, 263, 264, 265, 266, 268, 277, 280, 282], "summary": {"covered_lines": 37, "num_statements": 39, "percent_covered": 94.87179487179488, "percent_covered_display": "95", "missing_lines": 2, "excluded_lines": 0}, "missing_lines": [236, 260], "excluded_lines": []}, "TextChunker._chunk_fixed": {"executed_lines": [309, 310, 314, 315, 316, 318, 319, 320, 321, 324, 330, 332, 335, 346, 347, 348, 349, 352, 355], "summary": {"covered_lines": 19, "num_statements": 24, "percent_covered": 79.16666666666667, "percent_covered_display": "79", "missing_lines": 5, "excluded_lines": 0}, "missing_lines": [326, 327, 328, 333, 353], "excluded_lines": []}, "TextChunker._split_by_headings": {"executed_lines": [367, 368, 370, 371, 372, 374, 375, 376, 378, 379, 382, 383, 385, 388, 389, 391], "summary": {"covered_lines": 16, "num_statements": 16, "percent_covered": 100.0, "percent_covered_display": "100", "missing_lines": 0, "excluded_lines": 0}, "missing_lines": [], "excluded_lines": []}, "TextChunker._split_large_section": {"executed_lines": [406, 407, 408, 409, 412], "summary": {"covered_lines": 5, "num_statements": 5, "percent_covered": 100.0, "percent_covered_display": "100", "missing_lines": 0, "excluded_lines": 0}, "missing_lines": [], "excluded_lines": []}, "TextChunker._split_paragraphs": {"executed_lines": [], "summary": {"covered_lines": 0, "num_statements": 2, "percent_covered": 0.0, "percent_covered_display": "0", "missing_lines": 2, "excluded_lines": 0}, "missing_lines": [424, 425], "excluded_lines": []}, "TextChunker._split_by_sentences": {"executed_lines": [], "summary": {"covered_lines": 0, "num_statements": 23, "percent_covered": 0.0, "percent_covered_display": "0", "missing_lines": 23, "excluded_lines": 0}, "missing_lines": [440, 441, 442, 444, 445, 446, 447, 449, 451, 452, 454, 455, 456, 458, 459, 460, 469, 471, 472, 474, 475, 476, 486], "excluded_lines": []}, "TextChunker._extract_code_blocks": {"executed_lines": [497, 498, 500, 501, 503], "summary": {"covered_lines": 5, "num_statements": 5, "percent_covered": 100.0, "percent_covered_display": "100", "missing_lines": 0, "excluded_lines": 0}, "missing_lines": [], "excluded_lines": []}, "TextChunker._chunk_with_code_blocks": {"executed_lines": [522, 523, 525, 527, 528, 529, 530, 533, 534, 546, 552, 562, 565, 566, 567, 568, 570], "summary": {"covered_lines": 17, "num_statements": 18, "percent_covered": 94.44444444444444, "percent_covered_display": "94", "missing_lines": 1, "excluded_lines": 0}, "missing_lines": [535], "excluded_lines": []}, "TextChunker._add_overlap": {"executed_lines": [582, 583, 585, 587, 588, 590, 593, 594, 599, 600, 601, 603, 613, 615], "summary": {"covered_lines": 14, "num_statements": 14, "percent_covered": 100.0, "percent_covered_display": "100", "missing_lines": 0, "excluded_lines": 0}, "missing_lines": [], "excluded_lines": []}, "TextChunker._select_chunk_size": {"executed_lines": [627, 628, 630, 631, 633, 634, 635, 637, 638, 639, 641], "summary": {"covered_lines": 11, "num_statements": 11, "percent_covered": 100.0, "percent_covered_display": "100", "missing_lines": 0, "excluded_lines": 0}, "missing_lines": [], "excluded_lines": []}, "TextChunker._find_sentence_boundary": {"executed_lines": [653, 654, 657, 658, 660, 664], "summary": {"covered_lines": 6, "num_statements": 8, "percent_covered": 75.0, "percent_covered_display": "75", "missing_lines": 2, "excluded_lines": 0}, "missing_lines": [661, 662], "excluded_lines": []}, "": {"executed_lines": [1, 13, 14, 15, 17, 19, 20, 21, 27, 30, 38, 39, 40, 42, 43, 44, 45, 46, 48, 59, 60, 69, 79, 141, 190, 284, 357, 393, 414, 427, 488, 505, 572, 617, 643], "summary": {"covered_lines": 32, "num_statements": 32, "percent_covered": 100.0, "percent_covered_display": "100", "missing_lines": 0, "excluded_lines": 0}, "missing_lines": [], "excluded_lines": []}}, "classes": {"Chunk": {"executed_lines": [50], "summary": {"covered_lines": 1, "num_statements": 1, "percent_covered": 100.0, "percent_covered_display": "100", "missing_lines": 0, "excluded_lines": 0}, "missing_lines": [], "excluded_lines": []}, "TextChunker": {"executed_lines": [75, 76, 77, 89, 91, 93, 99, 101, 108, 109, 110, 111, 113, 116, 118, 121, 122, 132, 139, 153, 154, 157, 159, 160, 163, 165, 167, 169, 180, 183, 186, 188, 211, 212, 216, 219, 221, 223, 224, 225, 227, 228, 231, 232, 234, 235, 238, 240, 241, 243, 244, 245, 247, 248, 250, 253, 254, 257, 258, 259, 262, 263, 264, 265, 266, 268, 277, 280, 282, 309, 310, 314, 315, 316, 318, 319, 320, 321, 324, 330, 332, 335, 346, 347, 348, 349, 352, 355, 367, 368, 370, 371, 372, 374, 375, 376, 378, 379, 382, 383, 385, 388, 389, 391, 406, 407, 408, 409, 412, 497, 498, 500, 501, 503, 522, 523, 525, 527, 528, 529, 530, 533, 534, 546, 552, 562, 565, 566, 567, 568, 570, 582, 583, 585, 587, 588, 590, 593, 594, 599, 600, 601, 603, 613, 615, 627, 628, 630, 631, 633, 634, 635, 637, 638, 639, 641, 653, 654, 657, 658, 660, 664], "summary": {"covered_lines": 162, "num_statements": 197, "percent_covered": 82.23350253807106, "percent_covered_display": "82", "missing_lines": 35, "excluded_lines": 0}, "missing_lines": [236, 260, 326, 327, 328, 333, 353, 424, 425, 440, 441, 442, 444, 445, 446, 447, 449, 451, 452, 454, 455, 456, 458, 459, 460, 469, 471, 472, 474, 475, 476, 486, 535, 661, 662], "excluded_lines": []}, "": {"executed_lines": [1, 13, 14, 15, 17, 19, 20, 21, 27, 30, 33, 34, 35, 38, 39, 40, 42, 43, 44, 45, 46, 48, 59, 60, 69, 79, 141, 190, 284, 357, 393, 414, 427, 488, 505, 572, 617, 643], "summary": {"covered_lines": 35, "num_statements": 35, "percent_covered": 100.0, "percent_covered_display": "100", "missing_lines": 0, "excluded_lines": 0}, "missing_lines": [], "excluded_lines": []}}}, "src/mcp_web/cli.py": {"executed_lines": [1, 11, 12, 13, 14, 16, 17, 19, 20, 21, 22, 23, 24, 26, 29, 30, 32, 35, 36, 37, 43, 49, 54, 61, 66, 72, 99, 100, 107, 110, 120, 123, 124, 125, 129, 139, 148, 149, 150, 151, 153, 154, 155, 156, 157, 158, 159, 161, 163, 165, 166, 169, 170, 171, 172, 173, 175, 182, 183, 184, 185, 187, 194, 195, 196, 197, 198, 200, 208, 209, 211, 212, 263, 266, 267, 268, 272, 274, 275, 278, 279, 280, 285, 292, 295, 297, 298, 300, 301, 302, 305, 306, 308, 310, 311, 320, 322, 323, 324, 327, 328, 331, 332, 334, 335, 337, 341, 342, 346, 347, 348, 349, 352, 353, 359, 360, 361, 362, 372, 375], "summary": {"covered_lines": 118, "num_statements": 180, "percent_covered": 65.55555555555556, "percent_covered_display": "66", "missing_lines": 62, "excluded_lines": 2}, "missing_lines": [126, 140, 141, 142, 143, 144, 145, 176, 177, 178, 179, 188, 189, 190, 191, 201, 202, 203, 204, 205, 217, 219, 220, 222, 223, 224, 226, 227, 228, 229, 230, 231, 233, 240, 243, 244, 245, 246, 247, 248, 249, 250, 251, 252, 255, 256, 257, 258, 259, 260, 261, 264, 265, 269, 271, 338, 343, 364, 366, 367, 368, 370], "excluded_lines": [375, 376], "functions": {"cli": {"executed_lines": [32], "summary": {"covered_lines": 1, "num_statements": 1, "percent_covered": 100.0, "percent_covered_display": "100", "missing_lines": 0, "excluded_lines": 0}, "missing_lines": [], "excluded_lines": []}, "test_summarize": {"executed_lines": [99, 100], "summary": {"covered_lines": 2, "num_statements": 2, "percent_covered": 100.0, "percent_covered_display": "100", "missing_lines": 0, "excluded_lines": 0}, "missing_lines": [], "excluded_lines": []}, "_test_summarize_async": {"executed_lines": [120, 123, 124, 125, 129, 139, 148, 149, 150, 151, 153, 154, 155, 156, 157, 158, 159, 161, 163, 165, 166, 169, 170, 171, 172, 173, 175, 182, 183, 184, 185, 187, 194, 195, 196, 197, 198, 200, 208, 209, 211, 212, 263, 266, 267, 268, 272, 274, 275], "summary": {"covered_lines": 49, "num_statements": 104, "percent_covered": 47.11538461538461, "percent_covered_display": "47", "missing_lines": 55, "excluded_lines": 0}, "missing_lines": [126, 140, 141, 142, 143, 144, 145, 176, 177, 178, 179, 188, 189, 190, 191, 201, 202, 203, 204, 205, 217, 219, 220, 222, 223, 224, 226, 227, 228, 229, 230, 231, 233, 240, 243, 244, 245, 246, 247, 248, 249, 250, 251, 252, 255, 256, 257, 258, 259, 260, 261, 264, 265, 269, 271], "excluded_lines": []}, "test_robots": {"executed_lines": [292], "summary": {"covered_lines": 1, "num_statements": 1, "percent_covered": 100.0, "percent_covered_display": "100", "missing_lines": 0, "excluded_lines": 0}, "missing_lines": [], "excluded_lines": []}, "_test_robots_async": {"executed_lines": [297, 298, 300, 301, 302, 305, 306, 308, 310, 311, 320, 322, 323, 324, 327, 328, 331, 332, 334, 335, 337, 341, 342, 346, 347, 348, 349, 352, 353, 359, 360, 361, 362, 372], "summary": {"covered_lines": 34, "num_statements": 41, "percent_covered": 82.92682926829268, "percent_covered_display": "83", "missing_lines": 7, "excluded_lines": 0}, "missing_lines": [338, 343, 364, 366, 367, 368, 370], "excluded_lines": []}, "": {"executed_lines": [1, 11, 12, 13, 14, 16, 17, 19, 20, 21, 22, 23, 24, 26, 29, 30, 35, 36, 37, 43, 49, 54, 61, 66, 72, 107, 110, 278, 279, 280, 285, 295, 375], "summary": {"covered_lines": 31, "num_statements": 31, "percent_covered": 100.0, "percent_covered_display": "100", "missing_lines": 0, "excluded_lines": 2}, "missing_lines": [], "excluded_lines": [375, 376]}}, "classes": {"": {"executed_lines": [1, 11, 12, 13, 14, 16, 17, 19, 20, 21, 22, 23, 24, 26, 29, 30, 32, 35, 36, 37, 43, 49, 54, 61, 66, 72, 99, 100, 107, 110, 120, 123, 124, 125, 129, 139, 148, 149, 150, 151, 153, 154, 155, 156, 157, 158, 159, 161, 163, 165, 166, 169, 170, 171, 172, 173, 175, 182, 183, 184, 185, 187, 194, 195, 196, 197, 198, 200, 208, 209, 211, 212, 263, 266, 267, 268, 272, 274, 275, 278, 279, 280, 285, 292, 295, 297, 298, 300, 301, 302, 305, 306, 308, 310, 311, 320, 322, 323, 324, 327, 328, 331, 332, 334, 335, 337, 341, 342, 346, 347, 348, 349, 352, 353, 359, 360, 361, 362, 372, 375], "summary": {"covered_lines": 118, "num_statements": 180, "percent_covered": 65.55555555555556, "percent_covered_display": "66", "missing_lines": 62, "excluded_lines": 2}, "missing_lines": [126, 140, 141, 142, 143, 144, 145, 176, 177, 178, 179, 188, 189, 190, 191, 201, 202, 203, 204, 205, 217, 219, 220, 222, 223, 224, 226, 227, 228, 229, 230, 231, 233, 240, 243, 244, 245, 246, 247, 248, 249, 250, 251, 252, 255, 256, 257, 258, 259, 260, 261, 264, 265, 269, 271, 338, 343, 364, 366, 367, 368, 370], "excluded_lines": [375, 376]}}}, "src/mcp_web/config.py": {"executed_lines": [1, 7, 9, 10, 11, 13, 14, 15, 18, 21, 22, 24, 25, 28, 29, 33, 37, 39, 41, 50, 54, 55, 58, 59, 62, 63, 67, 72, 75, 76, 78, 81, 82, 83, 84, 85, 87, 90, 91, 93, 96, 97, 98, 99, 100, 103, 107, 111, 115, 121, 127, 130, 131, 142, 145, 148, 154, 155, 156, 160, 164, 174, 177, 181, 189, 190, 193, 196, 199, 201, 203, 209, 212, 219, 221, 229, 233, 234, 240, 241, 243, 244, 245, 246, 247, 251, 254, 255, 257, 258, 261, 262, 264, 267, 268, 271, 272, 273, 274, 275, 276, 278, 284, 291, 328], "summary": {"covered_lines": 97, "num_statements": 111, "percent_covered": 87.38738738738739, "percent_covered_display": "87", "missing_lines": 14, "excluded_lines": 0}, "missing_lines": [42, 49, 210, 230, 237, 287, 288, 317, 320, 321, 322, 323, 325, 334], "excluded_lines": [], "functions": {"FetcherSettings.model_post_init": {"executed_lines": [39, 41], "summary": {"covered_lines": 2, "num_statements": 4, "percent_covered": 50.0, "percent_covered_display": "50", "missing_lines": 2, "excluded_lines": 0}, "missing_lines": [42, 49], "excluded_lines": []}, "SummarizerSettings.get_api_base": {"executed_lines": [209, 212, 219], "summary": {"covered_lines": 3, "num_statements": 4, "percent_covered": 75.0, "percent_covered_display": "75", "missing_lines": 1, "excluded_lines": 0}, "missing_lines": [210], "excluded_lines": []}, "SummarizerSettings.get_api_key": {"executed_lines": [229, 233, 234], "summary": {"covered_lines": 3, "num_statements": 5, "percent_covered": 60.0, "percent_covered_display": "60", "missing_lines": 2, "excluded_lines": 0}, "missing_lines": [230, 237], "excluded_lines": []}, "Config.__post_init__": {"executed_lines": [], "summary": {"covered_lines": 0, "num_statements": 2, "percent_covered": 0.0, "percent_covered_display": "0", "missing_lines": 2, "excluded_lines": 0}, "missing_lines": [287, 288], "excluded_lines": []}, "load_config": {"executed_lines": [], "summary": {"covered_lines": 0, "num_statements": 6, "percent_covered": 0.0, "percent_covered_display": "0", "missing_lines": 6, "excluded_lines": 0}, "missing_lines": [317, 320, 321, 322, 323, 325], "excluded_lines": []}, "get_default_config": {"executed_lines": [], "summary": {"covered_lines": 0, "num_statements": 1, "percent_covered": 0.0, "percent_covered_display": "0", "missing_lines": 1, "excluded_lines": 0}, "missing_lines": [334], "excluded_lines": []}, "": {"executed_lines": [1, 7, 9, 10, 11, 13, 14, 15, 18, 21, 22, 24, 25, 28, 29, 33, 37, 50, 54, 55, 58, 59, 62, 63, 67, 72, 75, 76, 78, 81, 82, 83, 84, 85, 87, 90, 91, 93, 96, 97, 98, 99, 100, 103, 107, 111, 115, 121, 127, 130, 131, 142, 145, 148, 154, 155, 156, 160, 164, 174, 177, 181, 189, 190, 193, 196, 199, 201, 203, 221, 240, 241, 243, 244, 245, 246, 247, 251, 254, 255, 257, 258, 261, 262, 264, 267, 268, 271, 272, 273, 274, 275, 276, 278, 284, 291, 328], "summary": {"covered_lines": 89, "num_statements": 89, "percent_covered": 100.0, "percent_covered_display": "100", "missing_lines": 0, "excluded_lines": 0}, "missing_lines": [], "excluded_lines": []}}, "classes": {"FetcherSettings": {"executed_lines": [39, 41], "summary": {"covered_lines": 2, "num_statements": 4, "percent_covered": 50.0, "percent_covered_display": "50", "missing_lines": 2, "excluded_lines": 0}, "missing_lines": [42, 49], "excluded_lines": []}, "ExtractorSettings": {"executed_lines": [], "summary": {"covered_lines": 0, "num_statements": 0, "percent_covered": 100.0, "percent_covered_display": "100", "missing_lines": 0, "excluded_lines": 0}, "missing_lines": [], "excluded_lines": []}, "ChunkerSettings": {"executed_lines": [], "summary": {"covered_lines": 0, "num_statements": 0, "percent_covered": 100.0, "percent_covered_display": "100", "missing_lines": 0, "excluded_lines": 0}, "missing_lines": [], "excluded_lines": []}, "SummarizerSettings": {"executed_lines": [209, 212, 219, 229, 233, 234], "summary": {"covered_lines": 6, "num_statements": 9, "percent_covered": 66.66666666666667, "percent_covered_display": "67", "missing_lines": 3, "excluded_lines": 0}, "missing_lines": [210, 230, 237], "excluded_lines": []}, "CacheSettings": {"executed_lines": [], "summary": {"covered_lines": 0, "num_statements": 0, "percent_covered": 100.0, "percent_covered_display": "100", "missing_lines": 0, "excluded_lines": 0}, "missing_lines": [], "excluded_lines": []}, "MetricsSettings": {"executed_lines": [], "summary": {"covered_lines": 0, "num_statements": 0, "percent_covered": 100.0, "percent_covered_display": "100", "missing_lines": 0, "excluded_lines": 0}, "missing_lines": [], "excluded_lines": []}, "Config": {"executed_lines": [], "summary": {"covered_lines": 0, "num_statements": 2, "percent_covered": 0.0, "percent_covered_display": "0", "missing_lines": 2, "excluded_lines": 0}, "missing_lines": [287, 288], "excluded_lines": []}, "": {"executed_lines": [1, 7, 9, 10, 11, 13, 14, 15, 18, 21, 22, 24, 25, 28, 29, 33, 37, 50, 54, 55, 58, 59, 62, 63, 67, 72, 75, 76, 78, 81, 82, 83, 84, 85, 87, 90, 91, 93, 96, 97, 98, 99, 100, 103, 107, 111, 115, 121, 127, 130, 131, 142, 145, 148, 154, 155, 156, 160, 164, 174, 177, 181, 189, 190, 193, 196, 199, 201, 203, 221, 240, 241, 243, 244, 245, 246, 247, 251, 254, 255, 257, 258, 261, 262, 264, 267, 268, 271, 272, 273, 274, 275, 276, 278, 284, 291, 328], "summary": {"covered_lines": 89, "num_statements": 96, "percent_covered": 92.70833333333333, "percent_covered_display": "93", "missing_lines": 7, "excluded_lines": 0}, "missing_lines": [317, 320, 321, 322, 323, 325, 334], "excluded_lines": []}}}, "src/mcp_web/extractor.py": {"executed_lines": [1, 11, 12, 13, 14, 16, 17, 18, 20, 21, 22, 23, 25, 28, 31, 32, 33, 36, 37, 38, 40, 41, 42, 45, 46, 47, 49, 50, 51, 52, 53, 54, 55, 57, 59, 72, 73, 75, 76, 87, 88, 97, 108, 109, 110, 112, 129, 131, 132, 135, 136, 137, 138, 139, 140, 142, 144, 146, 148, 149, 150, 175, 177, 179, 181, 190, 191, 192, 194, 202, 204, 205, 206, 214, 215, 216, 218, 227, 228, 231, 243, 245, 246, 249, 250, 251, 252, 253, 254, 255, 258, 260, 267, 268, 271, 272, 278, 279, 280, 283, 285, 294, 303, 305, 306, 308, 309, 312, 313, 314, 315, 316, 318, 321, 322, 323, 330, 332, 341, 342, 344, 351, 360, 362, 364, 367, 370, 371, 377, 378, 379, 381, 399, 409, 411, 415, 416, 417, 418, 421, 422, 423, 424, 427, 429, 440, 441, 442, 445, 446, 447, 449, 451, 460, 462, 463, 465, 467, 469, 471, 472, 474, 476, 486, 488, 489, 491, 492, 494, 495, 498, 501, 502, 503, 506, 507, 508, 509, 510, 511, 513, 515, 524, 525, 527, 528, 529, 536], "summary": {"covered_lines": 184, "num_statements": 189, "percent_covered": 97.35449735449735, "percent_covered_display": "97", "missing_lines": 5, "excluded_lines": 0}, "missing_lines": [256, 390, 391, 392, 412], "excluded_lines": [], "functions": {"_get_logger": {"executed_lines": [31, 32, 33], "summary": {"covered_lines": 3, "num_statements": 3, "percent_covered": 100.0, "percent_covered_display": "100", "missing_lines": 0, "excluded_lines": 0}, "missing_lines": [], "excluded_lines": []}, "ExtractedContent.to_dict": {"executed_lines": [59], "summary": {"covered_lines": 1, "num_statements": 1, "percent_covered": 100.0, "percent_covered_display": "100", "missing_lines": 0, "excluded_lines": 0}, "missing_lines": [], "excluded_lines": []}, "ExtractedContent.from_dict": {"executed_lines": [75, 76], "summary": {"covered_lines": 2, "num_statements": 2, "percent_covered": 100.0, "percent_covered_display": "100", "missing_lines": 0, "excluded_lines": 0}, "missing_lines": [], "excluded_lines": []}, "ContentExtractor.__init__": {"executed_lines": [108, 109, 110], "summary": {"covered_lines": 3, "num_statements": 3, "percent_covered": 100.0, "percent_covered_display": "100", "missing_lines": 0, "excluded_lines": 0}, "missing_lines": [], "excluded_lines": []}, "ContentExtractor.extract": {"executed_lines": [129, 131, 132, 135, 136, 137, 138, 139, 140, 142, 144, 146, 148, 149, 150, 175, 177, 179, 181, 190, 191, 192, 194, 202, 204, 205, 206, 214, 215, 216], "summary": {"covered_lines": 30, "num_statements": 30, "percent_covered": 100.0, "percent_covered_display": "100", "missing_lines": 0, "excluded_lines": 0}, "missing_lines": [], "excluded_lines": []}, "ContentExtractor._extract_html": {"executed_lines": [227, 228, 231, 243, 245, 246, 249, 250, 251, 252, 253, 254, 255, 258, 260, 267, 268, 271, 272, 278, 279, 280, 283, 285], "summary": {"covered_lines": 24, "num_statements": 25, "percent_covered": 96.0, "percent_covered_display": "96", "missing_lines": 1, "excluded_lines": 0}, "missing_lines": [256], "excluded_lines": []}, "ContentExtractor._extract_pdf": {"executed_lines": [303, 305, 306, 308, 309, 312, 313, 314, 315, 316, 318, 321, 322, 323, 330, 332, 341, 342, 344], "summary": {"covered_lines": 19, "num_statements": 19, "percent_covered": 100.0, "percent_covered_display": "100", "missing_lines": 0, "excluded_lines": 0}, "missing_lines": [], "excluded_lines": []}, "ContentExtractor._extract_text": {"executed_lines": [360, 362, 364, 367, 370, 371, 377, 378, 379, 381], "summary": {"covered_lines": 10, "num_statements": 13, "percent_covered": 76.92307692307692, "percent_covered_display": "77", "missing_lines": 3, "excluded_lines": 0}, "missing_lines": [390, 391, 392], "excluded_lines": []}, "ContentExtractor._extract_title_from_text": {"executed_lines": [409, 411, 415, 416, 417, 418, 421, 422, 423, 424, 427], "summary": {"covered_lines": 11, "num_statements": 12, "percent_covered": 91.66666666666667, "percent_covered_display": "92", "missing_lines": 1, "excluded_lines": 0}, "missing_lines": [412], "excluded_lines": []}, "ContentExtractor._extract_title": {"executed_lines": [440, 441, 442, 445, 446, 447, 449], "summary": {"covered_lines": 7, "num_statements": 7, "percent_covered": 100.0, "percent_covered_display": "100", "missing_lines": 0, "excluded_lines": 0}, "missing_lines": [], "excluded_lines": []}, "ContentExtractor._extract_title_from_url": {"executed_lines": [460, 462, 463, 465, 467, 469, 471, 472, 474], "summary": {"covered_lines": 9, "num_statements": 9, "percent_covered": 100.0, "percent_covered_display": "100", "missing_lines": 0, "excluded_lines": 0}, "missing_lines": [], "excluded_lines": []}, "ContentExtractor._extract_links": {"executed_lines": [486, 488, 489, 491, 492, 494, 495, 498, 501, 502, 503, 506, 507, 508, 509, 510, 511, 513], "summary": {"covered_lines": 18, "num_statements": 18, "percent_covered": 100.0, "percent_covered_display": "100", "missing_lines": 0, "excluded_lines": 0}, "missing_lines": [], "excluded_lines": []}, "ContentExtractor._extract_code_snippets": {"executed_lines": [524, 525, 527, 528, 529, 536], "summary": {"covered_lines": 6, "num_statements": 6, "percent_covered": 100.0, "percent_covered_display": "100", "missing_lines": 0, "excluded_lines": 0}, "missing_lines": [], "excluded_lines": []}, "": {"executed_lines": [1, 11, 12, 13, 14, 16, 17, 18, 20, 21, 22, 23, 25, 28, 36, 37, 38, 40, 41, 42, 45, 46, 47, 49, 50, 51, 52, 53, 54, 55, 57, 72, 73, 87, 88, 97, 112, 218, 294, 351, 399, 429, 451, 476, 515], "summary": {"covered_lines": 41, "num_statements": 41, "percent_covered": 100.0, "percent_covered_display": "100", "missing_lines": 0, "excluded_lines": 0}, "missing_lines": [], "excluded_lines": []}}, "classes": {"CodeSnippet": {"executed_lines": [], "summary": {"covered_lines": 0, "num_statements": 0, "percent_covered": 100.0, "percent_covered_display": "100", "missing_lines": 0, "excluded_lines": 0}, "missing_lines": [], "excluded_lines": []}, "ExtractedContent": {"executed_lines": [59, 75, 76], "summary": {"covered_lines": 3, "num_statements": 3, "percent_covered": 100.0, "percent_covered_display": "100", "missing_lines": 0, "excluded_lines": 0}, "missing_lines": [], "excluded_lines": []}, "ContentExtractor": {"executed_lines": [108, 109, 110, 129, 131, 132, 135, 136, 137, 138, 139, 140, 142, 144, 146, 148, 149, 150, 175, 177, 179, 181, 190, 191, 192, 194, 202, 204, 205, 206, 214, 215, 216, 227, 228, 231, 243, 245, 246, 249, 250, 251, 252, 253, 254, 255, 258, 260, 267, 268, 271, 272, 278, 279, 280, 283, 285, 303, 305, 306, 308, 309, 312, 313, 314, 315, 316, 318, 321, 322, 323, 330, 332, 341, 342, 344, 360, 362, 364, 367, 370, 371, 377, 378, 379, 381, 409, 411, 415, 416, 417, 418, 421, 422, 423, 424, 427, 440, 441, 442, 445, 446, 447, 449, 460, 462, 463, 465, 467, 469, 471, 472, 474, 486, 488, 489, 491, 492, 494, 495, 498, 501, 502, 503, 506, 507, 508, 509, 510, 511, 513, 524, 525, 527, 528, 529, 536], "summary": {"covered_lines": 137, "num_statements": 142, "percent_covered": 96.47887323943662, "percent_covered_display": "96", "missing_lines": 5, "excluded_lines": 0}, "missing_lines": [256, 390, 391, 392, 412], "excluded_lines": []}, "": {"executed_lines": [1, 11, 12, 13, 14, 16, 17, 18, 20, 21, 22, 23, 25, 28, 31, 32, 33, 36, 37, 38, 40, 41, 42, 45, 46, 47, 49, 50, 51, 52, 53, 54, 55, 57, 72, 73, 87, 88, 97, 112, 218, 294, 351, 399, 429, 451, 476, 515], "summary": {"covered_lines": 44, "num_statements": 44, "percent_covered": 100.0, "percent_covered_display": "100", "missing_lines": 0, "excluded_lines": 0}, "missing_lines": [], "excluded_lines": []}}}, "src/mcp_web/fetcher.py": {"executed_lines": [1, 12, 13, 14, 15, 16, 18, 20, 21, 22, 23, 24, 26, 29, 37, 60, 93, 94, 95, 97, 98, 99, 100, 101, 102, 103, 106, 107, 116, 143, 233, 331, 444, 581, 606, 637], "summary": {"covered_lines": 33, "num_statements": 217, "percent_covered": 15.2073732718894, "percent_covered_display": "15", "missing_lines": 184, "excluded_lines": 2}, "missing_lines": [32, 33, 34, 52, 53, 55, 57, 76, 78, 79, 80, 83, 84, 85, 86, 87, 88, 90, 129, 130, 131, 132, 135, 136, 137, 138, 139, 140, 141, 162, 165, 169, 170, 171, 176, 179, 180, 181, 182, 183, 184, 195, 196, 197, 200, 201, 203, 204, 205, 206, 207, 215, 216, 219, 220, 223, 224, 226, 228, 229, 230, 231, 245, 247, 249, 251, 252, 253, 256, 257, 262, 271, 280, 288, 290, 291, 292, 302, 303, 304, 316, 318, 319, 320, 329, 343, 345, 347, 349, 350, 351, 352, 354, 360, 361, 364, 365, 366, 368, 371, 373, 374, 375, 379, 381, 383, 389, 390, 393, 394, 395, 397, 398, 399, 401, 403, 412, 421, 429, 431, 432, 433, 442, 456, 458, 460, 462, 465, 466, 467, 468, 477, 480, 481, 482, 491, 494, 495, 496, 505, 508, 509, 510, 511, 520, 525, 528, 529, 531, 532, 533, 534, 535, 537, 539, 548, 557, 566, 568, 569, 570, 579, 588, 589, 591, 592, 599, 620, 621, 623, 624, 625, 626, 627, 628, 629, 630, 632, 633, 635, 643, 644, 645, 646], "excluded_lines": [309, 310], "functions": {"_get_logger": {"executed_lines": [], "summary": {"covered_lines": 0, "num_statements": 3, "percent_covered": 0.0, "percent_covered_display": "0", "missing_lines": 3, "excluded_lines": 0}, "missing_lines": [32, 33, 34], "excluded_lines": []}, "_parse_file_url": {"executed_lines": [], "summary": {"covered_lines": 0, "num_statements": 4, "percent_covered": 0.0, "percent_covered_display": "0", "missing_lines": 4, "excluded_lines": 0}, "missing_lines": [52, 53, 55, 57], "excluded_lines": []}, "_validate_file_path": {"executed_lines": [], "summary": {"covered_lines": 0, "num_statements": 11, "percent_covered": 0.0, "percent_covered_display": "0", "missing_lines": 11, "excluded_lines": 0}, "missing_lines": [76, 78, 79, 80, 83, 84, 85, 86, 87, 88, 90], "excluded_lines": []}, "URLFetcher.__init__": {"executed_lines": [], "summary": {"covered_lines": 0, "num_statements": 11, "percent_covered": 0.0, "percent_covered_display": "0", "missing_lines": 11, "excluded_lines": 0}, "missing_lines": [129, 130, 131, 132, 135, 136, 137, 138, 139, 140, 141], "excluded_lines": []}, "URLFetcher.fetch": {"executed_lines": [], "summary": {"covered_lines": 0, "num_statements": 33, "percent_covered": 0.0, "percent_covered_display": "0", "missing_lines": 33, "excluded_lines": 0}, "missing_lines": [162, 165, 169, 170, 171, 176, 179, 180, 181, 182, 183, 184, 195, 196, 197, 200, 201, 203, 204, 205, 206, 207, 215, 216, 219, 220, 223, 224, 226, 228, 229, 230, 231], "excluded_lines": []}, "URLFetcher._fetch_httpx": {"executed_lines": [], "summary": {"covered_lines": 0, "num_statements": 23, "percent_covered": 0.0, "percent_covered_display": "0", "missing_lines": 23, "excluded_lines": 2}, "missing_lines": [245, 247, 249, 251, 252, 253, 256, 257, 262, 271, 280, 288, 290, 291, 292, 302, 303, 304, 316, 318, 319, 320, 329], "excluded_lines": [309, 310]}, "URLFetcher._fetch_playwright": {"executed_lines": [], "summary": {"covered_lines": 0, "num_statements": 38, "percent_covered": 0.0, "percent_covered_display": "0", "missing_lines": 38, "excluded_lines": 0}, "missing_lines": [343, 345, 347, 349, 350, 351, 352, 354, 360, 361, 364, 365, 366, 368, 371, 373, 374, 375, 379, 381, 383, 389, 390, 393, 394, 395, 397, 398, 399, 401, 403, 412, 421, 429, 431, 432, 433, 442], "excluded_lines": []}, "URLFetcher._fetch_file": {"executed_lines": [], "summary": {"covered_lines": 0, "num_statements": 39, "percent_covered": 0.0, "percent_covered_display": "0", "missing_lines": 39, "excluded_lines": 0}, "missing_lines": [456, 458, 460, 462, 465, 466, 467, 468, 477, 480, 481, 482, 491, 494, 495, 496, 505, 508, 509, 510, 511, 520, 525, 528, 529, 531, 532, 533, 534, 535, 537, 539, 548, 557, 566, 568, 569, 570, 579], "excluded_lines": []}, "URLFetcher._cache_result": {"executed_lines": [], "summary": {"covered_lines": 0, "num_statements": 5, "percent_covered": 0.0, "percent_covered_display": "0", "missing_lines": 5, "excluded_lines": 0}, "missing_lines": [588, 589, 591, 592, 599], "excluded_lines": []}, "URLFetcher.fetch_multiple": {"executed_lines": [], "summary": {"covered_lines": 0, "num_statements": 6, "percent_covered": 0.0, "percent_covered_display": "0", "missing_lines": 6, "excluded_lines": 0}, "missing_lines": [620, 621, 623, 632, 633, 635], "excluded_lines": []}, "URLFetcher.fetch_multiple.fetch_with_semaphore": {"executed_lines": [], "summary": {"covered_lines": 0, "num_statements": 7, "percent_covered": 0.0, "percent_covered_display": "0", "missing_lines": 7, "excluded_lines": 0}, "missing_lines": [624, 625, 626, 627, 628, 629, 630], "excluded_lines": []}, "URLFetcher.close": {"executed_lines": [], "summary": {"covered_lines": 0, "num_statements": 4, "percent_covered": 0.0, "percent_covered_display": "0", "missing_lines": 4, "excluded_lines": 0}, "missing_lines": [643, 644, 645, 646], "excluded_lines": []}, "": {"executed_lines": [1, 12, 13, 14, 15, 16, 18, 20, 21, 22, 23, 24, 26, 29, 37, 60, 93, 94, 95, 97, 98, 99, 100, 101, 102, 103, 106, 107, 116, 143, 233, 331, 444, 581, 606, 637], "summary": {"covered_lines": 33, "num_statements": 33, "percent_covered": 100.0, "percent_covered_display": "100", "missing_lines": 0, "excluded_lines": 0}, "missing_lines": [], "excluded_lines": []}}, "classes": {"FetchResult": {"executed_lines": [], "summary": {"covered_lines": 0, "num_statements": 0, "percent_covered": 100.0, "percent_covered_display": "100", "missing_lines": 0, "excluded_lines": 0}, "missing_lines": [], "excluded_lines": []}, "URLFetcher": {"executed_lines": [], "summary": {"covered_lines": 0, "num_statements": 166, "percent_covered": 0.0, "percent_covered_display": "0", "missing_lines": 166, "excluded_lines": 2}, "missing_lines": [129, 130, 131, 132, 135, 136, 137, 138, 139, 140, 141, 162, 165, 169, 170, 171, 176, 179, 180, 181, 182, 183, 184, 195, 196, 197, 200, 201, 203, 204, 205, 206, 207, 215, 216, 219, 220, 223, 224, 226, 228, 229, 230, 231, 245, 247, 249, 251, 252, 253, 256, 257, 262, 271, 280, 288, 290, 291, 292, 302, 303, 304, 316, 318, 319, 320, 329, 343, 345, 347, 349, 350, 351, 352, 354, 360, 361, 364, 365, 366, 368, 371, 373, 374, 375, 379, 381, 383, 389, 390, 393, 394, 395, 397, 398, 399, 401, 403, 412, 421, 429, 431, 432, 433, 442, 456, 458, 460, 462, 465, 466, 467, 468, 477, 480, 481, 482, 491, 494, 495, 496, 505, 508, 509, 510, 511, 520, 525, 528, 529, 531, 532, 533, 534, 535, 537, 539, 548, 557, 566, 568, 569, 570, 579, 588, 589, 591, 592, 599, 620, 621, 623, 624, 625, 626, 627, 628, 629, 630, 632, 633, 635, 643, 644, 645, 646], "excluded_lines": [309, 310]}, "": {"executed_lines": [1, 12, 13, 14, 15, 16, 18, 20, 21, 22, 23, 24, 26, 29, 37, 60, 93, 94, 95, 97, 98, 99, 100, 101, 102, 103, 106, 107, 116, 143, 233, 331, 444, 581, 606, 637], "summary": {"covered_lines": 33, "num_statements": 51, "percent_covered": 64.70588235294117, "percent_covered_display": "65", "missing_lines": 18, "excluded_lines": 0}, "missing_lines": [32, 33, 34, 52, 53, 55, 57, 76, 78, 79, 80, 83, 84, 85, 86, 87, 88, 90], "excluded_lines": []}}}, "src/mcp_web/http_client.py": {"executed_lines": [1, 18, 20, 21, 23, 24, 26, 29, 32, 33, 34, 37, 45, 107, 130, 147], "summary": {"covered_lines": 14, "num_statements": 37, "percent_covered": 37.83783783783784, "percent_covered_display": "38", "missing_lines": 23, "excluded_lines": 2}, "missing_lines": [40, 41, 42, 66, 67, 70, 72, 73, 76, 95, 97, 104, 118, 119, 120, 121, 122, 123, 124, 126, 127, 141, 153], "excluded_lines": [26, 27], "functions": {"_get_logger": {"executed_lines": [], "summary": {"covered_lines": 0, "num_statements": 3, "percent_covered": 0.0, "percent_covered_display": "0", "missing_lines": 3, "excluded_lines": 0}, "missing_lines": [40, 41, 42], "excluded_lines": []}, "get_http_client": {"executed_lines": [], "summary": {"covered_lines": 0, "num_statements": 9, "percent_covered": 0.0, "percent_covered_display": "0", "missing_lines": 9, "excluded_lines": 0}, "missing_lines": [66, 67, 70, 72, 73, 76, 95, 97, 104], "excluded_lines": []}, "close_http_client": {"executed_lines": [], "summary": {"covered_lines": 0, "num_statements": 9, "percent_covered": 0.0, "percent_covered_display": "0", "missing_lines": 9, "excluded_lines": 0}, "missing_lines": [118, 119, 120, 121, 122, 123, 124, 126, 127], "excluded_lines": []}, "get_client_stats": {"executed_lines": [], "summary": {"covered_lines": 0, "num_statements": 1, "percent_covered": 0.0, "percent_covered_display": "0", "missing_lines": 1, "excluded_lines": 0}, "missing_lines": [141], "excluded_lines": []}, "reset_http_client": {"executed_lines": [], "summary": {"covered_lines": 0, "num_statements": 1, "percent_covered": 0.0, "percent_covered_display": "0", "missing_lines": 1, "excluded_lines": 0}, "missing_lines": [153], "excluded_lines": []}, "": {"executed_lines": [1, 18, 20, 21, 23, 24, 26, 29, 32, 33, 34, 37, 45, 107, 130, 147], "summary": {"covered_lines": 14, "num_statements": 14, "percent_covered": 100.0, "percent_covered_display": "100", "missing_lines": 0, "excluded_lines": 2}, "missing_lines": [], "excluded_lines": [26, 27]}}, "classes": {"": {"executed_lines": [1, 18, 20, 21, 23, 24, 26, 29, 32, 33, 34, 37, 45, 107, 130, 147], "summary": {"covered_lines": 14, "num_statements": 37, "percent_covered": 37.83783783783784, "percent_covered_display": "38", "missing_lines": 23, "excluded_lines": 2}, "missing_lines": [40, 41, 42, 66, 67, 70, 72, 73, 76, 95, 97, 104, 118, 119, 120, 121, 122, 123, 124, 126, 127, 141, 153], "excluded_lines": [26, 27]}}}, "src/mcp_web/mcp_server.py": {"executed_lines": [1, 13, 14, 16, 17, 19, 20, 21, 22, 23, 24, 25, 26, 28, 31, 39, 40, 48, 76, 198, 241, 295, 314, 346, 353, 464, 473], "summary": {"covered_lines": 24, "num_statements": 186, "percent_covered": 12.903225806451612, "percent_covered_display": "13", "missing_lines": 162, "excluded_lines": 2}, "missing_lines": [34, 35, 36, 54, 57, 69, 70, 71, 72, 74, 94, 101, 103, 104, 106, 107, 109, 110, 113, 114, 116, 117, 120, 123, 125, 126, 127, 129, 130, 131, 134, 135, 137, 138, 139, 141, 144, 145, 146, 147, 148, 149, 150, 151, 152, 153, 155, 156, 157, 159, 162, 163, 164, 169, 170, 173, 174, 175, 176, 179, 180, 182, 187, 190, 191, 193, 194, 195, 196, 214, 215, 218, 221, 223, 224, 226, 229, 230, 232, 233, 234, 235, 236, 237, 239, 255, 257, 258, 260, 261, 263, 266, 270, 273, 274, 277, 281, 284, 285, 286, 287, 289, 292, 293, 304, 306, 307, 308, 309, 310, 312, 323, 326, 327, 328, 330, 333, 334, 335, 336, 339, 340, 341, 342, 344, 348, 349, 350, 362, 365, 371, 374, 376, 377, 404, 405, 411, 413, 415, 416, 422, 423, 424, 425, 429, 431, 432, 438, 439, 440, 441, 443, 444, 450, 451, 452, 453, 455, 460, 466, 467, 470], "excluded_lines": [473, 474], "functions": {"_get_logger": {"executed_lines": [], "summary": {"covered_lines": 0, "num_statements": 3, "percent_covered": 0.0, "percent_covered_display": "0", "missing_lines": 3, "excluded_lines": 0}, "missing_lines": [34, 35, 36], "excluded_lines": []}, "WebSummarizationPipeline.__init__": {"executed_lines": [], "summary": {"covered_lines": 0, "num_statements": 7, "percent_covered": 0.0, "percent_covered_display": "0", "missing_lines": 7, "excluded_lines": 0}, "missing_lines": [54, 57, 69, 70, 71, 72, 74], "excluded_lines": []}, "WebSummarizationPipeline.summarize_urls": {"executed_lines": [], "summary": {"covered_lines": 0, "num_statements": 59, "percent_covered": 0.0, "percent_covered_display": "0", "missing_lines": 59, "excluded_lines": 0}, "missing_lines": [94, 101, 103, 104, 106, 107, 109, 110, 113, 114, 116, 117, 120, 123, 125, 126, 127, 129, 130, 131, 134, 135, 137, 138, 139, 141, 144, 145, 146, 147, 148, 149, 150, 151, 152, 153, 155, 156, 157, 159, 162, 163, 164, 169, 170, 173, 174, 175, 176, 179, 180, 182, 187, 190, 191, 193, 194, 195, 196], "excluded_lines": []}, "WebSummarizationPipeline._follow_links": {"executed_lines": [], "summary": {"covered_lines": 0, "num_statements": 16, "percent_covered": 0.0, "percent_covered_display": "0", "missing_lines": 16, "excluded_lines": 0}, "missing_lines": [214, 215, 218, 221, 223, 224, 226, 229, 230, 232, 233, 234, 235, 236, 237, 239], "excluded_lines": []}, "WebSummarizationPipeline._score_links": {"executed_lines": [], "summary": {"covered_lines": 0, "num_statements": 19, "percent_covered": 0.0, "percent_covered_display": "0", "missing_lines": 19, "excluded_lines": 0}, "missing_lines": [255, 257, 258, 260, 261, 263, 266, 270, 273, 274, 277, 281, 284, 285, 286, 287, 289, 292, 293], "excluded_lines": []}, "WebSummarizationPipeline._combine_contents": {"executed_lines": [], "summary": {"covered_lines": 0, "num_statements": 7, "percent_covered": 0.0, "percent_covered_display": "0", "missing_lines": 7, "excluded_lines": 0}, "missing_lines": [304, 306, 307, 308, 309, 310, 312], "excluded_lines": []}, "WebSummarizationPipeline._format_metadata": {"executed_lines": [], "summary": {"covered_lines": 0, "num_statements": 14, "percent_covered": 0.0, "percent_covered_display": "0", "missing_lines": 14, "excluded_lines": 0}, "missing_lines": [323, 326, 327, 328, 330, 333, 334, 335, 336, 339, 340, 341, 342, 344], "excluded_lines": []}, "WebSummarizationPipeline.close": {"executed_lines": [], "summary": {"covered_lines": 0, "num_statements": 3, "percent_covered": 0.0, "percent_covered_display": "0", "missing_lines": 3, "excluded_lines": 0}, "missing_lines": [348, 349, 350], "excluded_lines": []}, "create_server": {"executed_lines": [], "summary": {"covered_lines": 0, "num_statements": 14, "percent_covered": 0.0, "percent_covered_display": "0", "missing_lines": 14, "excluded_lines": 0}, "missing_lines": [362, 365, 371, 374, 376, 377, 415, 416, 431, 432, 443, 444, 455, 460], "excluded_lines": []}, "create_server.summarize_urls": {"executed_lines": [], "summary": {"covered_lines": 0, "num_statements": 4, "percent_covered": 0.0, "percent_covered_display": "0", "missing_lines": 4, "excluded_lines": 0}, "missing_lines": [404, 405, 411, 413], "excluded_lines": []}, "create_server.get_cache_stats": {"executed_lines": [], "summary": {"covered_lines": 0, "num_statements": 5, "percent_covered": 0.0, "percent_covered_display": "0", "missing_lines": 5, "excluded_lines": 0}, "missing_lines": [422, 423, 424, 425, 429], "excluded_lines": []}, "create_server.clear_cache": {"executed_lines": [], "summary": {"covered_lines": 0, "num_statements": 4, "percent_covered": 0.0, "percent_covered_display": "0", "missing_lines": 4, "excluded_lines": 0}, "missing_lines": [438, 439, 440, 441], "excluded_lines": []}, "create_server.prune_cache": {"executed_lines": [], "summary": {"covered_lines": 0, "num_statements": 4, "percent_covered": 0.0, "percent_covered_display": "0", "missing_lines": 4, "excluded_lines": 0}, "missing_lines": [450, 451, 452, 453], "excluded_lines": []}, "main": {"executed_lines": [], "summary": {"covered_lines": 0, "num_statements": 3, "percent_covered": 0.0, "percent_covered_display": "0", "missing_lines": 3, "excluded_lines": 0}, "missing_lines": [466, 467, 470], "excluded_lines": []}, "": {"executed_lines": [1, 13, 14, 16, 17, 19, 20, 21, 22, 23, 24, 25, 26, 28, 31, 39, 40, 48, 76, 198, 241, 295, 314, 346, 353, 464, 473], "summary": {"covered_lines": 24, "num_statements": 24, "percent_covered": 100.0, "percent_covered_display": "100", "missing_lines": 0, "excluded_lines": 2}, "missing_lines": [], "excluded_lines": [473, 474]}}, "classes": {"WebSummarizationPipeline": {"executed_lines": [], "summary": {"covered_lines": 0, "num_statements": 125, "percent_covered": 0.0, "percent_covered_display": "0", "missing_lines": 125, "excluded_lines": 0}, "missing_lines": [54, 57, 69, 70, 71, 72, 74, 94, 101, 103, 104, 106, 107, 109, 110, 113, 114, 116, 117, 120, 123, 125, 126, 127, 129, 130, 131, 134, 135, 137, 138, 139, 141, 144, 145, 146, 147, 148, 149, 150, 151, 152, 153, 155, 156, 157, 159, 162, 163, 164, 169, 170, 173, 174, 175, 176, 179, 180, 182, 187, 190, 191, 193, 194, 195, 196, 214, 215, 218, 221, 223, 224, 226, 229, 230, 232, 233, 234, 235, 236, 237, 239, 255, 257, 258, 260, 261, 263, 266, 270, 273, 274, 277, 281, 284, 285, 286, 287, 289, 292, 293, 304, 306, 307, 308, 309, 310, 312, 323, 326, 327, 328, 330, 333, 334, 335, 336, 339, 340, 341, 342, 344, 348, 349, 350], "excluded_lines": []}, "": {"executed_lines": [1, 13, 14, 16, 17, 19, 20, 21, 22, 23, 24, 25, 26, 28, 31, 39, 40, 48, 76, 198, 241, 295, 314, 346, 353, 464, 473], "summary": {"covered_lines": 24, "num_statements": 61, "percent_covered": 39.34426229508197, "percent_covered_display": "39", "missing_lines": 37, "excluded_lines": 2}, "missing_lines": [34, 35, 36, 362, 365, 371, 374, 376, 377, 404, 405, 411, 413, 415, 416, 422, 423, 424, 425, 429, 431, 432, 438, 439, 440, 441, 443, 444, 450, 451, 452, 453, 455, 460, 466, 467, 470], "excluded_lines": [473, 474]}}}, "src/mcp_web/metrics.py": {"executed_lines": [1, 13, 14, 15, 16, 17, 18, 19, 20, 21, 23, 25, 28, 29, 30, 32, 33, 34, 35, 36, 37, 38, 39, 42, 43, 44, 46, 47, 48, 49, 50, 51, 52, 53, 56, 57, 58, 60, 61, 62, 63, 64, 65, 66, 67, 70, 71, 72, 74, 75, 76, 77, 78, 79, 80, 81, 84, 85, 86, 88, 89, 90, 91, 94, 95, 103, 110, 111, 114, 115, 116, 117, 118, 121, 122, 123, 125, 136, 137, 139, 148, 149, 150, 152, 153, 155, 163, 173, 176, 177, 186, 187, 188, 190, 191, 193, 201, 213, 216, 225, 226, 227, 228, 229, 230, 232, 242, 252, 256, 258, 267, 268, 269, 270, 271, 273, 274, 276, 285, 292, 295, 300, 301, 303, 305, 309, 312, 319, 320, 322, 329, 330, 338, 339, 340, 342, 343, 345, 352, 356, 357, 358, 359, 360, 362, 364, 378, 384, 385, 386, 388, 389, 390, 392, 393, 395, 397, 399, 400, 401, 402, 403, 404, 405, 406, 410, 413, 420, 421, 422, 425, 432, 438, 439, 441, 443], "summary": {"covered_lines": 169, "num_statements": 174, "percent_covered": 97.1264367816092, "percent_covered_display": "97", "missing_lines": 5, "excluded_lines": 0}, "missing_lines": [174, 214, 253, 293, 310], "excluded_lines": [], "functions": {"MetricsCollector.__init__": {"executed_lines": [110, 111, 114, 115, 116, 117, 118, 121, 122, 123], "summary": {"covered_lines": 10, "num_statements": 10, "percent_covered": 100.0, "percent_covered_display": "100", "missing_lines": 0, "excluded_lines": 0}, "missing_lines": [], "excluded_lines": []}, "MetricsCollector.record_fetch": {"executed_lines": [136, 137, 139, 148, 149, 150, 152, 153, 155], "summary": {"covered_lines": 9, "num_statements": 9, "percent_covered": 100.0, "percent_covered_display": "100", "missing_lines": 0, "excluded_lines": 0}, "missing_lines": [], "excluded_lines": []}, "MetricsCollector.record_extraction": {"executed_lines": [173, 176, 177, 186, 187, 188, 190, 191, 193], "summary": {"covered_lines": 9, "num_statements": 10, "percent_covered": 90.0, "percent_covered_display": "90", "missing_lines": 1, "excluded_lines": 0}, "missing_lines": [174], "excluded_lines": []}, "MetricsCollector.record_chunking": {"executed_lines": [213, 216, 225, 226, 227, 228, 229, 230, 232], "summary": {"covered_lines": 9, "num_statements": 10, "percent_covered": 90.0, "percent_covered_display": "90", "missing_lines": 1, "excluded_lines": 0}, "missing_lines": [214], "excluded_lines": []}, "MetricsCollector.record_summarization": {"executed_lines": [252, 256, 258, 267, 268, 269, 270, 271, 273, 274, 276], "summary": {"covered_lines": 11, "num_statements": 12, "percent_covered": 91.66666666666667, "percent_covered_display": "92", "missing_lines": 1, "excluded_lines": 0}, "missing_lines": [253], "excluded_lines": []}, "MetricsCollector.record_cache_operation": {"executed_lines": [292, 295, 300, 301, 303], "summary": {"covered_lines": 5, "num_statements": 6, "percent_covered": 83.33333333333333, "percent_covered_display": "83", "missing_lines": 1, "excluded_lines": 0}, "missing_lines": [293], "excluded_lines": []}, "MetricsCollector.record_error": {"executed_lines": [309, 312, 319, 320, 322], "summary": {"covered_lines": 5, "num_statements": 6, "percent_covered": 83.33333333333333, "percent_covered_display": "83", "missing_lines": 1, "excluded_lines": 0}, "missing_lines": [310], "excluded_lines": []}, "MetricsCollector.timer": {"executed_lines": [338, 339, 340, 342, 343], "summary": {"covered_lines": 5, "num_statements": 5, "percent_covered": 100.0, "percent_covered_display": "100", "missing_lines": 0, "excluded_lines": 0}, "missing_lines": [], "excluded_lines": []}, "MetricsCollector.export_metrics": {"executed_lines": [352, 356, 357, 358, 359, 360, 362, 364], "summary": {"covered_lines": 8, "num_statements": 8, "percent_covered": 100.0, "percent_covered_display": "100", "missing_lines": 0, "excluded_lines": 0}, "missing_lines": [], "excluded_lines": []}, "MetricsCollector.save_metrics": {"executed_lines": [384, 385, 386, 388, 389, 390, 392, 393, 395], "summary": {"covered_lines": 9, "num_statements": 9, "percent_covered": 100.0, "percent_covered_display": "100", "missing_lines": 0, "excluded_lines": 0}, "missing_lines": [], "excluded_lines": []}, "MetricsCollector.reset": {"executed_lines": [399, 400, 401, 402, 403, 404, 405, 406], "summary": {"covered_lines": 8, "num_statements": 8, "percent_covered": 100.0, "percent_covered_display": "100", "missing_lines": 0, "excluded_lines": 0}, "missing_lines": [], "excluded_lines": []}, "get_metrics_collector": {"executed_lines": [420, 421, 422], "summary": {"covered_lines": 3, "num_statements": 3, "percent_covered": 100.0, "percent_covered_display": "100", "missing_lines": 0, "excluded_lines": 0}, "missing_lines": [], "excluded_lines": []}, "configure_logging": {"executed_lines": [432, 438, 439, 441, 443], "summary": {"covered_lines": 5, "num_statements": 5, "percent_covered": 100.0, "percent_covered_display": "100", "missing_lines": 0, "excluded_lines": 0}, "missing_lines": [], "excluded_lines": []}, "": {"executed_lines": [1, 13, 14, 15, 16, 17, 18, 19, 20, 21, 23, 25, 28, 29, 30, 32, 33, 34, 35, 36, 37, 38, 39, 42, 43, 44, 46, 47, 48, 49, 50, 51, 52, 53, 56, 57, 58, 60, 61, 62, 63, 64, 65, 66, 67, 70, 71, 72, 74, 75, 76, 77, 78, 79, 80, 81, 84, 85, 86, 88, 89, 90, 91, 94, 95, 103, 125, 163, 201, 242, 285, 305, 329, 330, 345, 378, 397, 410, 413, 425], "summary": {"covered_lines": 73, "num_statements": 73, "percent_covered": 100.0, "percent_covered_display": "100", "missing_lines": 0, "excluded_lines": 0}, "missing_lines": [], "excluded_lines": []}}, "classes": {"FetchMetrics": {"executed_lines": [], "summary": {"covered_lines": 0, "num_statements": 0, "percent_covered": 100.0, "percent_covered_display": "100", "missing_lines": 0, "excluded_lines": 0}, "missing_lines": [], "excluded_lines": []}, "ExtractionMetrics": {"executed_lines": [], "summary": {"covered_lines": 0, "num_statements": 0, "percent_covered": 100.0, "percent_covered_display": "100", "missing_lines": 0, "excluded_lines": 0}, "missing_lines": [], "excluded_lines": []}, "ChunkingMetrics": {"executed_lines": [], "summary": {"covered_lines": 0, "num_statements": 0, "percent_covered": 100.0, "percent_covered_display": "100", "missing_lines": 0, "excluded_lines": 0}, "missing_lines": [], "excluded_lines": []}, "SummarizationMetrics": {"executed_lines": [], "summary": {"covered_lines": 0, "num_statements": 0, "percent_covered": 100.0, "percent_covered_display": "100", "missing_lines": 0, "excluded_lines": 0}, "missing_lines": [], "excluded_lines": []}, "CacheMetrics": {"executed_lines": [], "summary": {"covered_lines": 0, "num_statements": 0, "percent_covered": 100.0, "percent_covered_display": "100", "missing_lines": 0, "excluded_lines": 0}, "missing_lines": [], "excluded_lines": []}, "MetricsCollector": {"executed_lines": [110, 111, 114, 115, 116, 117, 118, 121, 122, 123, 136, 137, 139, 148, 149, 150, 152, 153, 155, 173, 176, 177, 186, 187, 188, 190, 191, 193, 213, 216, 225, 226, 227, 228, 229, 230, 232, 252, 256, 258, 267, 268, 269, 270, 271, 273, 274, 276, 292, 295, 300, 301, 303, 309, 312, 319, 320, 322, 338, 339, 340, 342, 343, 352, 356, 357, 358, 359, 360, 362, 364, 384, 385, 386, 388, 389, 390, 392, 393, 395, 399, 400, 401, 402, 403, 404, 405, 406], "summary": {"covered_lines": 88, "num_statements": 93, "percent_covered": 94.6236559139785, "percent_covered_display": "95", "missing_lines": 5, "excluded_lines": 0}, "missing_lines": [174, 214, 253, 293, 310], "excluded_lines": []}, "": {"executed_lines": [1, 13, 14, 15, 16, 17, 18, 19, 20, 21, 23, 25, 28, 29, 30, 32, 33, 34, 35, 36, 37, 38, 39, 42, 43, 44, 46, 47, 48, 49, 50, 51, 52, 53, 56, 57, 58, 60, 61, 62, 63, 64, 65, 66, 67, 70, 71, 72, 74, 75, 76, 77, 78, 79, 80, 81, 84, 85, 86, 88, 89, 90, 91, 94, 95, 103, 125, 163, 201, 242, 285, 305, 329, 330, 345, 378, 397, 410, 413, 420, 421, 422, 425, 432, 438, 439, 441, 443], "summary": {"covered_lines": 81, "num_statements": 81, "percent_covered": 100.0, "percent_covered_display": "100", "missing_lines": 0, "excluded_lines": 0}, "missing_lines": [], "excluded_lines": []}}}, "src/mcp_web/profiler.py": {"executed_lines": [1, 18, 19, 20, 21, 22, 23, 24, 25, 26, 27, 28, 29, 30, 31, 33, 35, 37, 40, 48, 49, 50, 62, 63, 64, 65, 66, 67, 68, 70, 75, 76, 84, 99, 104, 134, 147, 148, 181, 217, 218, 228, 230, 235, 236, 242, 243, 247, 252, 256, 260, 295, 314, 319, 323, 328, 329, 360, 361, 374, 379, 383, 403, 404, 418, 435, 441], "summary": {"covered_lines": 62, "num_statements": 176, "percent_covered": 35.22727272727273, "percent_covered_display": "35", "missing_lines": 114, "excluded_lines": 0}, "missing_lines": [43, 44, 45, 72, 91, 92, 93, 94, 95, 96, 97, 101, 102, 106, 107, 109, 110, 111, 113, 122, 136, 157, 158, 160, 161, 162, 163, 164, 165, 167, 168, 170, 178, 194, 196, 197, 198, 199, 200, 203, 207, 208, 209, 210, 211, 214, 232, 233, 238, 239, 240, 245, 249, 250, 254, 258, 272, 273, 274, 276, 277, 278, 279, 280, 282, 283, 284, 293, 301, 302, 308, 309, 310, 312, 316, 317, 321, 325, 338, 339, 341, 342, 344, 346, 347, 348, 351, 352, 353, 354, 356, 357, 376, 377, 381, 395, 396, 398, 399, 400, 401, 412, 413, 414, 416, 424, 425, 426, 433, 437, 438, 450, 451, 453], "excluded_lines": [], "functions": {"_get_logger": {"executed_lines": [], "summary": {"covered_lines": 0, "num_statements": 3, "percent_covered": 0.0, "percent_covered_display": "0", "missing_lines": 3, "excluded_lines": 0}, "missing_lines": [43, 44, 45], "excluded_lines": []}, "ProfileResult.to_dict": {"executed_lines": [], "summary": {"covered_lines": 0, "num_statements": 1, "percent_covered": 0.0, "percent_covered_display": "0", "missing_lines": 1, "excluded_lines": 0}, "missing_lines": [72], "excluded_lines": []}, "ProfilerContext.__init__": {"executed_lines": [], "summary": {"covered_lines": 0, "num_statements": 7, "percent_covered": 0.0, "percent_covered_display": "0", "missing_lines": 7, "excluded_lines": 0}, "missing_lines": [91, 92, 93, 94, 95, 96, 97], "excluded_lines": []}, "ProfilerContext.__enter__": {"executed_lines": [], "summary": {"covered_lines": 0, "num_statements": 2, "percent_covered": 0.0, "percent_covered_display": "0", "missing_lines": 2, "excluded_lines": 0}, "missing_lines": [101, 102], "excluded_lines": []}, "ProfilerContext.__exit__": {"executed_lines": [], "summary": {"covered_lines": 0, "num_statements": 7, "percent_covered": 0.0, "percent_covered_display": "0", "missing_lines": 7, "excluded_lines": 0}, "missing_lines": [106, 107, 109, 110, 111, 113, 122], "excluded_lines": []}, "ProfilerContext.get_result": {"executed_lines": [], "summary": {"covered_lines": 0, "num_statements": 1, "percent_covered": 0.0, "percent_covered_display": "0", "missing_lines": 1, "excluded_lines": 0}, "missing_lines": [136], "excluded_lines": []}, "async_profile_context": {"executed_lines": [], "summary": {"covered_lines": 0, "num_statements": 12, "percent_covered": 0.0, "percent_covered_display": "0", "missing_lines": 12, "excluded_lines": 0}, "missing_lines": [157, 158, 160, 161, 162, 163, 164, 165, 167, 168, 170, 178], "excluded_lines": []}, "profile": {"executed_lines": [], "summary": {"covered_lines": 0, "num_statements": 10, "percent_covered": 0.0, "percent_covered_display": "0", "missing_lines": 10, "excluded_lines": 0}, "missing_lines": [194, 196, 197, 203, 207, 208, 209, 210, 211, 214], "excluded_lines": []}, "profile.async_wrapper": {"executed_lines": [], "summary": {"covered_lines": 0, "num_statements": 3, "percent_covered": 0.0, "percent_covered_display": "0", "missing_lines": 3, "excluded_lines": 0}, "missing_lines": [198, 199, 200], "excluded_lines": []}, "PerformanceCollector.__init__": {"executed_lines": [], "summary": {"covered_lines": 0, "num_statements": 2, "percent_covered": 0.0, "percent_covered_display": "0", "missing_lines": 2, "excluded_lines": 0}, "missing_lines": [232, 233], "excluded_lines": []}, "PerformanceCollector.get_instance": {"executed_lines": [], "summary": {"covered_lines": 0, "num_statements": 3, "percent_covered": 0.0, "percent_covered_display": "0", "missing_lines": 3, "excluded_lines": 0}, "missing_lines": [238, 239, 240], "excluded_lines": []}, "PerformanceCollector.reset": {"executed_lines": [], "summary": {"covered_lines": 0, "num_statements": 1, "percent_covered": 0.0, "percent_covered_display": "0", "missing_lines": 1, "excluded_lines": 0}, "missing_lines": [245], "excluded_lines": []}, "PerformanceCollector.record": {"executed_lines": [], "summary": {"covered_lines": 0, "num_statements": 2, "percent_covered": 0.0, "percent_covered_display": "0", "missing_lines": 2, "excluded_lines": 0}, "missing_lines": [249, 250], "excluded_lines": []}, "PerformanceCollector.get_results": {"executed_lines": [], "summary": {"covered_lines": 0, "num_statements": 1, "percent_covered": 0.0, "percent_covered_display": "0", "missing_lines": 1, "excluded_lines": 0}, "missing_lines": [254], "excluded_lines": []}, "PerformanceCollector.get_by_name": {"executed_lines": [], "summary": {"covered_lines": 0, "num_statements": 1, "percent_covered": 0.0, "percent_covered_display": "0", "missing_lines": 1, "excluded_lines": 0}, "missing_lines": [258], "excluded_lines": []}, "PerformanceCollector.get_statistics": {"executed_lines": [], "summary": {"covered_lines": 0, "num_statements": 12, "percent_covered": 0.0, "percent_covered_display": "0", "missing_lines": 12, "excluded_lines": 0}, "missing_lines": [272, 273, 274, 276, 277, 278, 279, 280, 282, 283, 284, 293], "excluded_lines": []}, "PerformanceCollector.export_json": {"executed_lines": [], "summary": {"covered_lines": 0, "num_statements": 6, "percent_covered": 0.0, "percent_covered_display": "0", "missing_lines": 6, "excluded_lines": 0}, "missing_lines": [301, 302, 308, 309, 310, 312], "excluded_lines": []}, "PerformanceCollector.clear": {"executed_lines": [], "summary": {"covered_lines": 0, "num_statements": 2, "percent_covered": 0.0, "percent_covered_display": "0", "missing_lines": 2, "excluded_lines": 0}, "missing_lines": [316, 317], "excluded_lines": []}, "PerformanceCollector.disable": {"executed_lines": [], "summary": {"covered_lines": 0, "num_statements": 1, "percent_covered": 0.0, "percent_covered_display": "0", "missing_lines": 1, "excluded_lines": 0}, "missing_lines": [321], "excluded_lines": []}, "PerformanceCollector.enable": {"executed_lines": [], "summary": {"co
[...]
summary": {"covered_lines": 0, "num_statements": 2, "percent_covered": 0.0, "percent_covered_display": "0", "missing_lines": 2, "excluded_lines": 0}, "missing_lines": [320, 321], "excluded_lines": []}, "PromptInjectionFilter._is_typoglycemia": {"executed_lines": [336, 337, 340, 341, 344], "summary": {"covered_lines": 5, "num_statements": 5, "percent_covered": 100.0, "percent_covered_display": "100", "missing_lines": 0, "excluded_lines": 0}, "missing_lines": [], "excluded_lines": []}, "PromptInjectionFilter.sanitize": {"executed_lines": [373, 377, 378, 381, 384, 387, 391, 392, 394, 397, 398, 400], "summary": {"covered_lines": 12, "num_statements": 13, "percent_covered": 92.3076923076923, "percent_covered_display": "92", "missing_lines": 1, "excluded_lines": 0}, "missing_lines": [374], "excluded_lines": []}, "OutputValidator.__init__": {"executed_lines": [426, 428], "summary": {"covered_lines": 2, "num_statements": 2, "percent_covered": 100.0, "percent_covered_display": "100", "missing_lines": 0, "excluded_lines": 0}, "missing_lines": [], "excluded_lines": []}, "OutputValidator.validate": {"executed_lines": [468, 472, 473, 474, 477, 478, 479, 482, 484], "summary": {"covered_lines": 9, "num_statements": 10, "percent_covered": 90.0, "percent_covered_display": "90", "missing_lines": 1, "excluded_lines": 0}, "missing_lines": [469], "excluded_lines": []}, "OutputValidator.filter_response": {"executed_lines": [495, 498, 500, 501, 502], "summary": {"covered_lines": 5, "num_statements": 7, "percent_covered": 71.42857142857143, "percent_covered_display": "71", "missing_lines": 2, "excluded_lines": 0}, "missing_lines": [496, 504], "excluded_lines": []}, "sanitize_output": {"executed_lines": [516, 520, 522, 525, 530, 533, 535], "summary": {"covered_lines": 7, "num_statements": 8, "percent_covered": 87.5, "percent_covered_display": "88", "missing_lines": 1, "excluded_lines": 0}, "missing_lines": [517], "excluded_lines": []}, "RateLimiter.__init__": {"executed_lines": [558, 559, 560, 561], "summary": {"covered_lines": 4, "num_statements": 4, "percent_covered": 100.0, "percent_covered_display": "100", "missing_lines": 0, "excluded_lines": 0}, "missing_lines": [], "excluded_lines": []}, "RateLimiter.wait": {"executed_lines": [565, 566, 568, 569, 572, 573, 576, 577, 578, 579, 587, 588, 591, 592], "summary": {"covered_lines": 14, "num_statements": 14, "percent_covered": 100.0, "percent_covered_display": "100", "missing_lines": 0, "excluded_lines": 0}, "missing_lines": [], "excluded_lines": []}, "RateLimiter.get_stats": {"executed_lines": [601, 604, 607, 608, 609, 611], "summary": {"covered_lines": 6, "num_statements": 7, "percent_covered": 85.71428571428571, "percent_covered_display": "86", "missing_lines": 1, "excluded_lines": 0}, "missing_lines": [605], "excluded_lines": []}, "ConsumptionLimits.__init__": {"executed_lines": [650, 651, 652, 653, 655, 656], "summary": {"covered_lines": 6, "num_statements": 6, "percent_covered": 100.0, "percent_covered_display": "100", "missing_lines": 0, "excluded_lines": 0}, "missing_lines": [], "excluded_lines": []}, "ConsumptionLimits.__aenter__": {"executed_lines": [668, 671, 672], "summary": {"covered_lines": 3, "num_statements": 3, "percent_covered": 100.0, "percent_covered_display": "100", "missing_lines": 0, "excluded_lines": 0}, "missing_lines": [], "excluded_lines": []}, "ConsumptionLimits.__aexit__": {"executed_lines": [691, 692], "summary": {"covered_lines": 2, "num_statements": 2, "percent_covered": 100.0, "percent_covered_display": "100", "missing_lines": 0, "excluded_lines": 0}, "missing_lines": [], "excluded_lines": []}, "validate_url": {"executed_lines": [717, 718, 721, 722, 723, 726, 727, 728, 731, 740, 742, 744, 747, 749, 750, 751, 754, 755, 756, 758], "summary": {"covered_lines": 20, "num_statements": 23, "percent_covered": 86.95652173913044, "percent_covered_display": "87", "missing_lines": 3, "excluded_lines": 0}, "missing_lines": [760, 761, 762], "excluded_lines": []}, "create_structured_prompt": {"executed_lines": [786, 794, 796], "summary": {"covered_lines": 3, "num_statements": 3, "percent_covered": 100.0, "percent_covered_display": "100", "missing_lines": 0, "excluded_lines": 0}, "missing_lines": [], "excluded_lines": []}, "": {"executed_lines": [1, 14, 16, 17, 18, 19, 20, 21, 23, 25, 28, 68, 151, 152, 168, 241, 311, 323, 350, 403, 404, 420, 459, 486, 507, 538, 539, 551, 563, 595, 620, 621, 635, 658, 674, 695, 765], "summary": {"covered_lines": 32, "num_statements": 32, "percent_covered": 100.0, "percent_covered_display": "100", "missing_lines": 0, "excluded_lines": 0}, "missing_lines": [], "excluded_lines": []}}, "classes": {"PromptInjectionFilter": {"executed_lines": [177, 227, 270, 274, 276, 279, 280, 281, 284, 285, 286, 287, 288, 294, 295, 297, 298, 300, 301, 309, 336, 337, 340, 341, 344, 373, 377, 378, 381, 384, 387, 391, 392, 394, 397, 398, 400], "summary": {"covered_lines": 37, "num_statements": 41, "percent_covered": 90.2439024390244, "percent_covered_display": "90", "missing_lines": 4, "excluded_lines": 0}, "missing_lines": [271, 320, 321, 374], "excluded_lines": []}, "OutputValidator": {"executed_lines": [426, 428, 468, 472, 473, 474, 477, 478, 479, 482, 484, 495, 498, 500, 501, 502], "summary": {"covered_lines": 16, "num_statements": 19, "percent_covered": 84.21052631578948, "percent_covered_display": "84", "missing_lines": 3, "excluded_lines": 0}, "missing_lines": [469, 496, 504], "excluded_lines": []}, "RateLimiter": {"executed_lines": [558, 559, 560, 561, 565, 566, 568, 569, 572, 573, 576, 577, 578, 579, 587, 588, 591, 592, 601, 604, 607, 608, 609, 611], "summary": {"covered_lines": 24, "num_statements": 25, "percent_covered": 96.0, "percent_covered_display": "96", "missing_lines": 1, "excluded_lines": 0}, "missing_lines": [605], "excluded_lines": []}, "ConsumptionLimits": {"executed_lines": [650, 651, 652, 653, 655, 656, 668, 671, 672, 691, 692], "summary": {"covered_lines": 11, "num_statements": 11, "percent_covered": 100.0, "percent_covered_display": "100", "missing_lines": 0, "excluded_lines": 0}, "missing_lines": [], "excluded_lines": []}, "": {"executed_lines": [1, 14, 16, 17, 18, 19, 20, 21, 23, 25, 28, 43, 46, 49, 52, 57, 60, 63, 65, 68, 83, 86, 90, 93, 99, 100, 104, 145, 146, 148, 151, 152, 168, 241, 311, 323, 350, 403, 404, 420, 459, 486, 507, 516, 520, 522, 525, 530, 533, 535, 538, 539, 551, 563, 595, 620, 621, 635, 658, 674, 695, 717, 718, 721, 722, 723, 726, 727, 728, 731, 740, 742, 744, 747, 749, 750, 751, 754, 755, 756, 758, 765, 786, 794, 796], "summary": {"covered_lines": 80, "num_statements": 86, "percent_covered": 93.02325581395348, "percent_covered_display": "93", "missing_lines": 6, "excluded_lines": 0}, "missing_lines": [44, 84, 517, 760, 761, 762], "excluded_lines": []}}}, "src/mcp_web/summarizer.py": {"executed_lines": [1, 16, 17, 18, 20, 21, 23, 24, 25, 26, 27, 32, 34, 37, 40, 41, 42, 45, 46, 54, 61, 62, 63, 64, 67, 68, 71, 72, 75, 83, 90, 96, 118, 120, 126, 129, 130, 131, 136, 137, 138, 144, 145, 209, 235, 283, 326, 388, 415, 504, 564, 634, 656, 699, 712, 713, 715], "summary": {"covered_lines": 55, "num_statements": 216, "percent_covered": 25.462962962962962, "percent_covered_display": "25", "missing_lines": 161, "excluded_lines": 0}, "missing_lines": [76, 77, 81, 147, 149, 152, 155, 157, 158, 159, 163, 164, 167, 168, 169, 170, 171, 172, 175, 178, 179, 181, 184, 185, 186, 187, 192, 193, 199, 204, 205, 206, 207, 226, 229, 232, 233, 255, 258, 260, 261, 262, 263, 264, 267, 268, 270, 273, 277, 280, 281, 303, 306, 307, 308, 309, 310, 311, 313, 316, 320, 323, 324, 346, 349, 352, 354, 355, 356, 359, 364, 366, 367, 368, 371, 373, 376, 378, 382, 385, 386, 402, 403, 407, 410, 411, 413, 428, 430, 431, 432, 433, 436, 443, 445, 446, 455, 456, 457, 458, 459, 462, 463, 464, 465, 466, 468, 471, 472, 473, 474, 479, 481, 484, 492, 493, 494, 502, 513, 515, 516, 519, 526, 528, 529, 538, 539, 540, 542, 550, 552, 553, 554, 562, 584, 585, 587, 592, 596, 597, 599, 610, 612, 613, 621, 629, 647, 649, 650, 652, 654, 675, 680, 681, 683, 685, 686, 688, 697, 717, 718], "excluded_lines": [], "functions": {"_get_logger": {"executed_lines": [40, 41, 42], "summary": {"covered_lines": 3, "num_statements": 3, "percent_covered": 100.0, "percent_covered_display": "100", "missing_lines": 0, "excluded_lines": 0}, "missing_lines": [], "excluded_lines": []}, "Summarizer.__init__": {"executed_lines": [61, 62, 63, 64, 67, 68, 71, 72, 75, 83, 90], "summary": {"covered_lines": 11, "num_statements": 14, "percent_covered": 78.57142857142857, "percent_covered_display": "79", "missing_lines": 3, "excluded_lines": 0}, "missing_lines": [76, 77, 81], "excluded_lines": []}, "Summarizer.summarize_chunks": {"executed_lines": [118, 120, 126, 129, 130, 131, 136, 137, 138, 144, 145], "summary": {"covered_lines": 11, "num_statements": 41, "percent_covered": 26.829268292682926, "percent_covered_display": "27", "missing_lines": 30, "excluded_lines": 0}, "missing_lines": [147, 149, 152, 155, 157, 158, 159, 163, 164, 167, 168, 169, 170, 171, 172, 175, 178, 179, 181, 184, 185, 186, 187, 192, 193, 199, 204, 205, 206, 207], "excluded_lines": []}, "Summarizer._summarize_direct": {"executed_lines": [], "summary": {"covered_lines": 0, "num_statements": 4, "percent_covered": 0.0, "percent_covered_display": "0", "missing_lines": 4, "excluded_lines": 0}, "missing_lines": [226, 229, 232, 233], "excluded_lines": []}, "Summarizer._summarize_map_reduce": {"executed_lines": [], "summary": {"covered_lines": 0, "num_statements": 9, "percent_covered": 0.0, "percent_covered_display": "0", "missing_lines": 9, "excluded_lines": 0}, "missing_lines": [255, 258, 267, 268, 270, 273, 277, 280, 281], "excluded_lines": []}, "Summarizer._summarize_map_reduce.summarize_single_chunk": {"executed_lines": [], "summary": {"covered_lines": 0, "num_statements": 5, "percent_covered": 0.0, "percent_covered_display": "0", "missing_lines": 5, "excluded_lines": 0}, "missing_lines": [260, 261, 262, 263, 264], "excluded_lines": []}, "Summarizer._summarize_map_reduce_sequential": {"executed_lines": [], "summary": {"covered_lines": 0, "num_statements": 12, "percent_covered": 0.0, "percent_covered_display": "0", "missing_lines": 12, "excluded_lines": 0}, "missing_lines": [303, 306, 307, 308, 309, 310, 311, 313, 316, 320, 323, 324], "excluded_lines": []}, "Summarizer._summarize_map_reduce_streaming": {"executed_lines": [], "summary": {"covered_lines": 0, "num_statements": 15, "percent_covered": 0.0, "percent_covered_display": "0", "missing_lines": 15, "excluded_lines": 0}, "missing_lines": [346, 349, 352, 359, 364, 366, 367, 368, 371, 373, 376, 378, 382, 385, 386], "excluded_lines": []}, "Summarizer._summarize_map_reduce_streaming.summarize_single_chunk": {"executed_lines": [], "summary": {"covered_lines": 0, "num_statements": 3, "percent_covered": 0.0, "percent_covered_display": "0", "missing_lines": 3, "excluded_lines": 0}, "missing_lines": [354, 355, 356], "excluded_lines": []}, "Summarizer._calculate_max_tokens": {"executed_lines": [], "summary": {"covered_lines": 0, "num_statements": 6, "percent_covered": 0.0, "percent_covered_display": "0", "missing_lines": 6, "excluded_lines": 0}, "missing_lines": [402, 403, 407, 410, 411, 413], "excluded_lines": []}, "Summarizer._call_llm": {"executed_lines": [], "summary": {"covered_lines": 0, "num_statements": 31, "percent_covered": 0.0, "percent_covered_display": "0", "missing_lines": 31, "excluded_lines": 0}, "missing_lines": [428, 430, 431, 432, 433, 436, 443, 445, 446, 455, 456, 457, 458, 459, 462, 463, 464, 465, 466, 468, 471, 472, 473, 474, 479, 481, 484, 492, 493, 494, 502], "excluded_lines": []}, "Summarizer._call_llm_non_streaming": {"executed_lines": [], "summary": {"covered_lines": 0, "num_statements": 16, "percent_covered": 0.0, "percent_covered_display": "0", "missing_lines": 16, "excluded_lines": 0}, "missing_lines": [513, 515, 516, 519, 526, 528, 529, 538, 539, 540, 542, 550, 552, 553, 554, 562], "excluded_lines": []}, "Summarizer._build_summary_prompt": {"executed_lines": [], "summary": {"covered_lines": 0, "num_statements": 12, "percent_covered": 0.0, "percent_covered_display": "0", "missing_lines": 12, "excluded_lines": 0}, "missing_lines": [584, 585, 587, 592, 596, 597, 599, 610, 612, 613, 621, 629], "excluded_lines": []}, "Summarizer._build_map_prompt": {"executed_lines": [], "summary": {"covered_lines": 0, "num_statements": 5, "percent_covered": 0.0, "percent_covered_display": "0", "missing_lines": 5, "excluded_lines": 0}, "missing_lines": [647, 649, 650, 652, 654], "excluded_lines": []}, "Summarizer._build_reduce_prompt": {"executed_lines": [], "summary": {"covered_lines": 0, "num_statements": 8, "percent_covered": 0.0, "percent_covered_display": "0", "missing_lines": 8, "excluded_lines": 0}, "missing_lines": [675, 680, 681, 683, 685, 686, 688, 697], "excluded_lines": []}, "Summarizer._compute_content_hash": {"executed_lines": [712, 713], "summary": {"covered_lines": 2, "num_statements": 2, "percent_covered": 100.0, "percent_covered_display": "100", "missing_lines": 0, "excluded_lines": 0}, "missing_lines": [], "excluded_lines": []}, "Summarizer.close": {"executed_lines": [], "summary": {"covered_lines": 0, "num_statements": 2, "percent_covered": 0.0, "percent_covered_display": "0", "missing_lines": 2, "excluded_lines": 0}, "missing_lines": [717, 718], "excluded_lines": []}, "": {"executed_lines": [1, 16, 17, 18, 20, 21, 23, 24, 25, 26, 27, 32, 34, 37, 45, 46, 54, 96, 209, 235, 283, 326, 388, 415, 504, 564, 634, 656, 699, 715], "summary": {"covered_lines": 28, "num_statements": 28, "percent_covered": 100.0, "percent_covered_display": "100", "missing_lines": 0, "excluded_lines": 0}, "missing_lines": [], "excluded_lines": []}}, "classes": {"Summarizer": {"executed_lines": [61, 62, 63, 64, 67, 68, 71, 72, 75, 83, 90, 118, 120, 126, 129, 130, 131, 136, 137, 138, 144, 145, 712, 713], "summary": {"covered_lines": 24, "num_statements": 185, "percent_covered": 12.972972972972974, "percent_covered_display": "13", "missing_lines": 161, "excluded_lines": 0}, "missing_lines": [76, 77, 81, 147, 149, 152, 155, 157, 158, 159, 163, 164, 167, 168, 169, 170, 171, 172, 175, 178, 179, 181, 184, 185, 186, 187, 192, 193, 199, 204, 205, 206, 207, 226, 229, 232, 233, 255, 258, 260, 261, 262, 263, 264, 267, 268, 270, 273, 277, 280, 281, 303, 306, 307, 308, 309, 310, 311, 313, 316, 320, 323, 324, 346, 349, 352, 354, 355, 356, 359, 364, 366, 367, 368, 371, 373, 376, 378, 382, 385, 386, 402, 403, 407, 410, 411, 413, 428, 430, 431, 432, 433, 436, 443, 445, 446, 455, 456, 457, 458, 459, 462, 463, 464, 465, 466, 468, 471, 472, 473, 474, 479, 481, 484, 492, 493, 494, 502, 513, 515, 516, 519, 526, 528, 529, 538, 539, 540, 542, 550, 552, 553, 554, 562, 584, 585, 587, 592, 596, 597, 599, 610, 612, 613, 621, 629, 647, 649, 650, 652, 654, 675, 680, 681, 683, 685, 686, 688, 697, 717, 718], "excluded_lines": []}, "": {"executed_lines": [1, 16, 17, 18, 20, 21, 23, 24, 25, 26, 27, 32, 34, 37, 40, 41, 42, 45, 46, 54, 96, 209, 235, 283, 326, 388, 415, 504, 564, 634, 656, 699, 715], "summary": {"covered_lines": 31, "num_statements": 31, "percent_covered": 100.0, "percent_covered_display": "100", "missing_lines": 0, "excluded_lines": 0}, "missing_lines": [], "excluded_lines": []}}}, "src/mcp_web/utils.py": {"executed_lines": [1, 10, 11, 12, 14, 17, 18, 23, 29, 30, 32, 46, 48, 63, 64, 65, 66, 69, 92, 121, 159, 177, 196, 214, 224, 227, 228, 229, 232, 242, 245, 246, 247, 250, 251], "summary": {"covered_lines": 33, "num_statements": 64, "percent_covered": 51.5625, "percent_covered_display": "52", "missing_lines": 31, "excluded_lines": 0}, "missing_lines": [84, 85, 86, 87, 89, 105, 107, 110, 111, 114, 118, 144, 146, 147, 148, 149, 151, 152, 153, 154, 156, 172, 173, 174, 191, 193, 210, 211, 225, 243, 248], "excluded_lines": [], "functions": {"TokenCounter.__init__": {"executed_lines": [29, 30], "summary": {"covered_lines": 2, "num_statements": 2, "percent_covered": 100.0, "percent_covered_display": "100", "missing_lines": 0, "excluded_lines": 0}, "missing_lines": [], "excluded_lines": []}, "TokenCounter.count_tokens": {"executed_lines": [46], "summary": {"covered_lines": 1, "num_statements": 1, "percent_covered": 100.0, "percent_covered_display": "100", "missing_lines": 0, "excluded_lines": 0}, "missing_lines": [], "excluded_lines": []}, "TokenCounter.truncate_to_tokens": {"executed_lines": [63, 64, 65, 66], "summary": {"covered_lines": 4, "num_statements": 4, "percent_covered": 100.0, "percent_covered_display": "100", "missing_lines": 0, "excluded_lines": 0}, "missing_lines": [], "excluded_lines": []}, "validate_url": {"executed_lines": [], "summary": {"covered_lines": 0, "num_statements": 5, "percent_covered": 0.0, "percent_covered_display": "0", "missing_lines": 5, "excluded_lines": 0}, "missing_lines": [84, 85, 86, 87, 89], "excluded_lines": []}, "normalize_url": {"executed_lines": [], "summary": {"covered_lines": 0, "num_statements": 6, "percent_covered": 0.0, "percent_covered_display": "0", "missing_lines": 6, "excluded_lines": 0}, "missing_lines": [105, 107, 110, 111, 114, 118], "excluded_lines": []}, "format_markdown_summary": {"executed_lines": [], "summary": {"covered_lines": 0, "num_statements": 10, "percent_covered": 0.0, "percent_covered_display": "0", "missing_lines": 10, "excluded_lines": 0}, "missing_lines": [144, 146, 147, 148, 149, 151, 152, 153, 154, 156], "excluded_lines": []}, "extract_code_blocks": {"executed_lines": [], "summary": {"covered_lines": 0, "num_statements": 3, "percent_covered": 0.0, "percent_covered_display": "0", "missing_lines": 3, "excluded_lines": 0}, "missing_lines": [172, 173, 174], "excluded_lines": []}, "sanitize_filename": {"executed_lines": [], "summary": {"covered_lines": 0, "num_statements": 2, "percent_covered": 0.0, "percent_covered_display": "0", "missing_lines": 2, "excluded_lines": 0}, "missing_lines": [191, 193], "excluded_lines": []}, "estimate_reading_time": {"executed_lines": [], "summary": {"covered_lines": 0, "num_statements": 2, "percent_covered": 0.0, "percent_covered_display": "0", "missing_lines": 2, "excluded_lines": 0}, "missing_lines": [210, 211], "excluded_lines": []}, "calculate_code_block_ratio": {"executed_lines": [224, 227, 228, 229], "summary": {"covered_lines": 4, "num_statements": 5, "percent_covered": 80.0, "percent_covered_display": "80", "missing_lines": 1, "excluded_lines": 0}, "missing_lines": [225], "excluded_lines": []}, "average_sentence_word_count": {"executed_lines": [242, 245, 246, 247, 250, 251], "summary": {"covered_lines": 6, "num_statements": 8, "percent_covered": 75.0, "percent_covered_display": "75", "missing_lines": 2, "excluded_lines": 0}, "missing_lines": [243, 248], "excluded_lines": []}, "": {"executed_lines": [1, 10, 11, 12, 14, 17, 18, 23, 32, 48, 69, 92, 121, 159, 177, 196, 214, 232], "summary": {"covered_lines": 16, "num_statements": 16, "percent_covered": 100.0, "percent_covered_display": "100", "missing_lines": 0, "excluded_lines": 0}, "missing_lines": [], "excluded_lines": []}}, "classes": {"TokenCounter": {"executed_lines": [29, 30, 46, 63, 64, 65, 66], "summary": {"covered_lines": 7, "num_statements": 7, "percent_covered": 100.0, "percent_covered_display": "100", "missing_lines": 0, "excluded_lines": 0}, "missing_lines": [], "excluded_lines": []}, "": {"executed_lines": [1, 10, 11, 12, 14, 17, 18, 23, 32, 48, 69, 92, 121, 159, 177, 196, 214, 224, 227, 228, 229, 232, 242, 245, 246, 247, 250, 251], "summary": {"covered_lines": 26, "num_statements": 57, "percent_covered": 45.6140350877193, "percent_covered_display": "46", "missing_lines": 31, "excluded_lines": 0}, "missing_lines": [84, 85, 86, 87, 89, 105, 107, 110, 111, 114, 118, 144, 146, 147, 148, 149, 151, 152, 153, 154, 156, 172, 173, 174, 191, 193, 210, 211, 225, 243, 248], "excluded_lines": []}}}}, "totals": {"covered_lines": 1463, "num_statements": 2425, "percent_covered": 60.329896907216494, "percent_covered_display": "60", "missing_lines": 962, "excluded_lines": 8}}